2022-03-28 11:38:29,230 INFO o.a.j.u.JMeterUtils: Setting Locale to en
2022-03-28 11:38:29,237 INFO o.a.j.JMeter: Loading user properties from: user.properties
2022-03-28 11:38:29,238 INFO o.a.j.JMeter: Loading system properties from: system.properties
2022-03-28 11:38:29,238 INFO o.a.j.JMeter: Copyright (c) 1998-2020 The Apache Software Foundation
2022-03-28 11:38:29,238 INFO o.a.j.JMeter: Version 5.3
2022-03-28 11:38:29,239 INFO o.a.j.JMeter: java.version=1.8.0_312
2022-03-28 11:38:29,239 INFO o.a.j.JMeter: java.vm.name=OpenJDK 64-Bit Server VM
2022-03-28 11:38:29,239 INFO o.a.j.JMeter: os.name=Linux
2022-03-28 11:38:29,239 INFO o.a.j.JMeter: os.arch=amd64
2022-03-28 11:38:29,239 INFO o.a.j.JMeter: os.version=4.15.0-171-generic
2022-03-28 11:38:29,239 INFO o.a.j.JMeter: file.encoding=UTF-8
2022-03-28 11:38:29,239 INFO o.a.j.JMeter: java.awt.headless=null
2022-03-28 11:38:29,239 INFO o.a.j.JMeter: Max memory     =1860698112
2022-03-28 11:38:29,239 INFO o.a.j.JMeter: Available Processors =3
2022-03-28 11:38:29,241 INFO o.a.j.JMeter: Default Locale=English
2022-03-28 11:38:29,242 INFO o.a.j.JMeter: JMeter  Locale=English
2022-03-28 11:38:29,242 INFO o.a.j.JMeter: JMeterHome=/home/vagrant/apache-jmeter-5.3
2022-03-28 11:38:29,242 INFO o.a.j.JMeter: user.dir  =/home/vagrant/apache-jmeter-5.3/bin
2022-03-28 11:38:29,242 INFO o.a.j.JMeter: PWD       =/home/vagrant/apache-jmeter-5.3/bin
2022-03-28 11:38:29,242 INFO o.a.j.JMeter: IP: 127.0.1.1 Name: ubuntu-bionic FullName: ubuntu-bionic
2022-03-28 11:38:29,327 INFO o.a.j.JMeter: Setting LAF to: laf:javax.swing.plaf.metal.MetalLookAndFeel
2022-03-28 11:38:29,386 INFO o.a.j.JMeter: Loaded icon properties from org/apache/jmeter/images/icon.properties
2022-03-28 11:38:39,639 INFO o.a.j.s.FileServer: Default base='/home/vagrant/apache-jmeter-5.3/bin'
2022-03-28 11:38:39,642 INFO o.a.j.g.a.Load: Loading file: /home/vagrant/apache-jmeter-5.3/bin/PerformanceScripts/VCCS/VCCS-TfGM.jmx
2022-03-28 11:38:39,642 INFO o.a.j.s.FileServer: Set new base='/home/vagrant/apache-jmeter-5.3/bin/PerformanceScripts/VCCS'
2022-03-28 11:38:39,730 INFO o.a.j.s.SaveService: Testplan (JMX) version: 2.2. Testlog (JTL) version: 2.2
2022-03-28 11:38:39,740 INFO o.a.j.s.SaveService: Using SaveService properties file encoding UTF-8
2022-03-28 11:38:39,741 INFO o.a.j.s.SaveService: Using SaveService properties version 5.0
2022-03-28 11:38:39,743 INFO o.a.j.s.SaveService: Loading file: /home/vagrant/apache-jmeter-5.3/bin/PerformanceScripts/VCCS/VCCS-TfGM.jmx
2022-03-28 11:38:39,758 INFO o.a.j.p.h.c.CookieManager: Settings: Delete null: true Check: true Allow variable: true Save: false Prefix: COOKIE_
2022-03-28 11:38:39,765 INFO o.a.j.p.h.s.HTTPSamplerBase: Parser for text/html is org.apache.jmeter.protocol.http.parser.LagartoBasedHtmlParser
2022-03-28 11:38:39,765 INFO o.a.j.p.h.s.HTTPSamplerBase: Parser for application/xhtml+xml is org.apache.jmeter.protocol.http.parser.LagartoBasedHtmlParser
2022-03-28 11:38:39,765 INFO o.a.j.p.h.s.HTTPSamplerBase: Parser for application/xml is org.apache.jmeter.protocol.http.parser.LagartoBasedHtmlParser
2022-03-28 11:38:39,765 INFO o.a.j.p.h.s.HTTPSamplerBase: Parser for text/xml is org.apache.jmeter.protocol.http.parser.LagartoBasedHtmlParser
2022-03-28 11:38:39,765 INFO o.a.j.p.h.s.HTTPSamplerBase: Parser for text/vnd.wap.wml is org.apache.jmeter.protocol.http.parser.RegexpHTMLParser
2022-03-28 11:38:39,765 INFO o.a.j.p.h.s.HTTPSamplerBase: Parser for text/css is org.apache.jmeter.protocol.http.parser.CssParser
2022-03-28 11:38:40,314 INFO o.a.j.s.SampleResult: Note: Sample TimeStamps are START times
2022-03-28 11:38:40,314 INFO o.a.j.s.SampleResult: sampleresult.default.encoding is set to ISO-8859-1
2022-03-28 11:38:40,314 INFO o.a.j.s.SampleResult: sampleresult.useNanoTime=true
2022-03-28 11:38:40,314 INFO o.a.j.s.SampleResult: sampleresult.nanoThreadSleep=5000
2022-03-28 11:38:40,412 INFO o.a.j.v.ViewResultsFullVisualizer: Add JavaFX to your Java installation if you want to use renderer: org.apache.jmeter.visualizers.RenderInBrowser
2022-03-28 11:38:40,465 INFO o.a.j.s.FileServer: Set new base='/home/vagrant/apache-jmeter-5.3/bin/PerformanceScripts/VCCS'
2022-03-28 11:39:12,376 INFO o.a.j.g.a.Load: Loading file: /home/vagrant/apache-jmeter-5.3/bin/Remote_PerformanceScripts/VCCS/VCCS-TfGM.jmx
2022-03-28 11:39:12,376 INFO o.a.j.s.FileServer: Set new base='/home/vagrant/apache-jmeter-5.3/bin/Remote_PerformanceScripts/VCCS'
2022-03-28 11:39:12,376 INFO o.a.j.s.SaveService: Loading file: /home/vagrant/apache-jmeter-5.3/bin/Remote_PerformanceScripts/VCCS/VCCS-TfGM.jmx
2022-03-28 11:39:12,484 INFO o.a.j.v.ViewResultsFullVisualizer: Add JavaFX to your Java installation if you want to use renderer: org.apache.jmeter.visualizers.RenderInBrowser
2022-03-28 11:39:12,512 INFO o.a.j.s.FileServer: Set new base='/home/vagrant/apache-jmeter-5.3/bin/Remote_PerformanceScripts/VCCS'
2022-03-28 11:41:07,917 INFO o.a.j.g.a.Load: Loading file: /home/vagrant/Downloads/VCCS-TfGM.jmx
2022-03-28 11:41:07,917 INFO o.a.j.s.FileServer: Set new base='/home/vagrant/Downloads'
2022-03-28 11:41:07,917 INFO o.a.j.s.SaveService: Loading file: /home/vagrant/Downloads/VCCS-TfGM.jmx
2022-03-28 11:41:08,024 INFO o.a.j.v.ViewResultsFullVisualizer: Add JavaFX to your Java installation if you want to use renderer: org.apache.jmeter.visualizers.RenderInBrowser
2022-03-28 11:41:08,050 INFO o.a.j.s.FileServer: Set new base='/home/vagrant/Downloads'
2022-03-28 11:41:37,328 INFO o.a.j.e.StandardJMeterEngine: Running the test!
2022-03-28 11:41:37,330 INFO o.a.j.s.SampleEvent: List of sample_variables: []
2022-03-28 11:41:37,330 INFO o.a.j.s.SampleEvent: List of sample_variables: []
2022-03-28 11:41:37,331 INFO o.a.j.e.u.CompoundVariable: Note: Function class names must contain the string: '.functions.'
2022-03-28 11:41:37,331 INFO o.a.j.e.u.CompoundVariable: Note: Function class names must not contain the string: '.gui.'
2022-03-28 11:41:37,393 INFO o.a.j.g.u.JMeterMenuBar: setRunning(true, *local*)
2022-03-28 11:41:37,522 INFO o.a.j.e.StandardJMeterEngine: Starting ThreadGroup: 1 : Thread Group
2022-03-28 11:41:37,522 INFO o.a.j.e.StandardJMeterEngine: Starting 1 threads for group Thread Group.
2022-03-28 11:41:37,522 INFO o.a.j.e.StandardJMeterEngine: Thread will continue on error
2022-03-28 11:41:37,522 INFO o.a.j.t.ThreadGroup: Starting thread group... number=1 threads=1 ramp-up=1 delayedStart=false
2022-03-28 11:41:37,527 INFO o.a.j.t.ThreadGroup: Started thread group number 1
2022-03-28 11:41:37,527 INFO o.a.j.e.StandardJMeterEngine: All thread groups have been started
2022-03-28 11:41:37,533 INFO o.a.j.t.JMeterThread: Thread started: Thread Group 1-1
2022-03-28 11:41:37,536 INFO o.a.j.s.FileServer: Stored: VCCS-99k-From_FT.csv
2022-03-28 11:41:37,537 ERROR o.a.j.t.JMeterThread: Test failed!
java.lang.IllegalArgumentException: Could not read file header line for file VCCS-99k-From_FT.csv
	at org.apache.jmeter.services.FileServer.reserveFile(FileServer.java:283) ~[ApacheJMeter_core.jar:5.3]
	at org.apache.jmeter.config.CSVDataSet.iterationStart(CSVDataSet.java:198) ~[ApacheJMeter_components.jar:5.3]
	at org.apache.jmeter.control.GenericController.fireIterationStart(GenericController.java:398) ~[ApacheJMeter_core.jar:5.3]
	at org.apache.jmeter.control.GenericController.fireIterEvents(GenericController.java:390) ~[ApacheJMeter_core.jar:5.3]
	at org.apache.jmeter.control.GenericController.next(GenericController.java:159) ~[ApacheJMeter_core.jar:5.3]
	at org.apache.jmeter.control.LoopController.next(LoopController.java:134) ~[ApacheJMeter_core.jar:5.3]
	at org.apache.jmeter.threads.AbstractThreadGroup.next(AbstractThreadGroup.java:91) ~[ApacheJMeter_core.jar:5.3]
	at org.apache.jmeter.threads.JMeterThread.run(JMeterThread.java:254) [ApacheJMeter_core.jar:5.3]
	at java.lang.Thread.run(Thread.java:748) [?:1.8.0_312]
Caused by: java.lang.IllegalArgumentException: File VCCS-99k-From_FT.csv must exist and be readable
	at org.apache.jmeter.services.FileServer.createBufferedReader(FileServer.java:424) ~[ApacheJMeter_core.jar:5.3]
	at org.apache.jmeter.services.FileServer.readLine(FileServer.java:340) ~[ApacheJMeter_core.jar:5.3]
	at org.apache.jmeter.services.FileServer.readLine(FileServer.java:324) ~[ApacheJMeter_core.jar:5.3]
	at org.apache.jmeter.services.FileServer.reserveFile(FileServer.java:272) ~[ApacheJMeter_core.jar:5.3]
	... 8 more
2022-03-28 11:41:37,540 INFO o.a.j.t.JMeterThread: Thread finished: Thread Group 1-1
2022-03-28 11:41:37,540 INFO o.a.j.e.StandardJMeterEngine: Notifying test listeners of end of test
2022-03-28 11:41:37,540 INFO o.a.j.g.u.JMeterMenuBar: setRunning(false, *local*)
2022-03-28 11:42:39,901 INFO o.a.j.e.StandardJMeterEngine: Running the test!
2022-03-28 11:42:39,902 INFO o.a.j.s.SampleEvent: List of sample_variables: []
2022-03-28 11:42:39,907 INFO o.a.j.g.u.JMeterMenuBar: setRunning(true, *local*)
2022-03-28 11:42:39,995 INFO o.a.j.e.StandardJMeterEngine: Starting ThreadGroup: 1 : Thread Group
2022-03-28 11:42:39,995 INFO o.a.j.e.StandardJMeterEngine: Starting 1 threads for group Thread Group.
2022-03-28 11:42:39,995 INFO o.a.j.e.StandardJMeterEngine: Thread will continue on error
2022-03-28 11:42:39,995 INFO o.a.j.t.ThreadGroup: Starting thread group... number=1 threads=1 ramp-up=1 delayedStart=false
2022-03-28 11:42:40,003 INFO o.a.j.t.ThreadGroup: Started thread group number 1
2022-03-28 11:42:40,003 INFO o.a.j.e.StandardJMeterEngine: All thread groups have been started
2022-03-28 11:42:40,003 INFO o.a.j.t.JMeterThread: Thread started: Thread Group 1-1
2022-03-28 11:42:40,003 INFO o.a.j.s.FileServer: Stored: /home/vagrant/apache-jmeter-5.3/bin/PerformanceScripts/VCCS/VCCS-99k-From_FT.csv
2022-03-28 11:42:42,405 INFO o.a.j.p.h.s.HTTPHCAbstractImpl: Local host = ubuntu-bionic
2022-03-28 11:42:42,408 INFO o.a.j.p.h.s.HTTPHC4Impl: HTTP request retry count = 0
2022-03-28 11:42:44,922 INFO o.a.j.p.h.s.h.LazyLayeredConnectionSocketFactory: Setting up HTTPS TrustAll Socket Factory
2022-03-28 11:42:44,926 INFO o.a.j.u.JsseSSLManager: Using default SSL protocol: TLS
2022-03-28 11:42:44,926 INFO o.a.j.u.JsseSSLManager: SSL session context: per-thread
2022-03-28 11:42:45,014 INFO o.a.j.u.SSLManager: JmeterKeyStore Location:  type JKS
2022-03-28 11:42:45,015 INFO o.a.j.u.SSLManager: KeyStore created OK
2022-03-28 11:42:45,015 WARN o.a.j.u.SSLManager: Keystore file not found, loading empty keystore
2022-03-28 11:42:54,612 INFO o.a.j.t.JMeterThread: Thread is done: Thread Group 1-1
2022-03-28 11:42:54,612 INFO o.a.j.t.JMeterThread: Thread finished: Thread Group 1-1
2022-03-28 11:42:54,614 INFO o.a.j.e.StandardJMeterEngine: Notifying test listeners of end of test
2022-03-28 11:42:54,614 INFO o.a.j.s.FileServer: Close: /home/vagrant/apache-jmeter-5.3/bin/PerformanceScripts/VCCS/VCCS-99k-From_FT.csv
2022-03-28 11:42:54,615 INFO o.a.j.g.u.JMeterMenuBar: setRunning(false, *local*)
2022-03-28 11:43:17,925 INFO o.a.j.e.StandardJMeterEngine: Running the test!
2022-03-28 11:43:17,925 INFO o.a.j.s.SampleEvent: List of sample_variables: []
2022-03-28 11:43:17,930 INFO o.a.j.g.u.JMeterMenuBar: setRunning(true, *local*)
2022-03-28 11:43:18,097 INFO o.a.j.e.StandardJMeterEngine: Starting ThreadGroup: 1 : Thread Group
2022-03-28 11:43:18,097 INFO o.a.j.e.StandardJMeterEngine: Starting 1 threads for group Thread Group.
2022-03-28 11:43:18,097 INFO o.a.j.e.StandardJMeterEngine: Thread will continue on error
2022-03-28 11:43:18,097 INFO o.a.j.t.ThreadGroup: Starting thread group... number=1 threads=1 ramp-up=1 delayedStart=false
2022-03-28 11:43:18,098 INFO o.a.j.t.ThreadGroup: Started thread group number 1
2022-03-28 11:43:18,098 INFO o.a.j.e.StandardJMeterEngine: All thread groups have been started
2022-03-28 11:43:18,098 INFO o.a.j.t.JMeterThread: Thread started: Thread Group 1-1
2022-03-28 11:43:18,099 INFO o.a.j.s.FileServer: Stored: /home/vagrant/apache-jmeter-5.3/bin/PerformanceScripts/VCCS/VCCS-99k-From_FT.csv
2022-03-28 11:44:01,162 INFO o.a.j.t.JMeterThread: Thread is done: Thread Group 1-1
2022-03-28 11:44:01,162 INFO o.a.j.t.JMeterThread: Thread finished: Thread Group 1-1
2022-03-28 11:44:01,163 INFO o.a.j.e.StandardJMeterEngine: Notifying test listeners of end of test
2022-03-28 11:44:01,163 INFO o.a.j.s.FileServer: Close: /home/vagrant/apache-jmeter-5.3/bin/PerformanceScripts/VCCS/VCCS-99k-From_FT.csv
2022-03-28 11:44:01,164 INFO o.a.j.g.u.JMeterMenuBar: setRunning(false, *local*)
2022-03-28 11:44:57,339 INFO o.a.j.e.StandardJMeterEngine: Running the test!
2022-03-28 11:44:57,339 INFO o.a.j.s.SampleEvent: List of sample_variables: []
2022-03-28 11:44:57,341 INFO o.a.j.g.u.JMeterMenuBar: setRunning(true, *local*)
2022-03-28 11:44:57,475 INFO o.a.j.e.StandardJMeterEngine: Starting ThreadGroup: 1 : Thread Group
2022-03-28 11:44:57,475 INFO o.a.j.e.StandardJMeterEngine: Starting 1 threads for group Thread Group.
2022-03-28 11:44:57,475 INFO o.a.j.e.StandardJMeterEngine: Thread will continue on error
2022-03-28 11:44:57,475 INFO o.a.j.t.ThreadGroup: Starting thread group... number=1 threads=1 ramp-up=1 delayedStart=false
2022-03-28 11:44:57,479 INFO o.a.j.t.ThreadGroup: Started thread group number 1
2022-03-28 11:44:57,479 INFO o.a.j.e.StandardJMeterEngine: All thread groups have been started
2022-03-28 11:44:57,479 INFO o.a.j.t.JMeterThread: Thread started: Thread Group 1-1
2022-03-28 11:44:57,482 INFO o.a.j.s.FileServer: Stored: /home/vagrant/apache-jmeter-5.3/bin/PerformanceScripts/VCCS/VCCS-99k-From_FT.csv
2022-03-28 11:50:49,972 INFO o.a.j.t.JMeterThread: Thread is done: Thread Group 1-1
2022-03-28 11:50:49,973 INFO o.a.j.t.JMeterThread: Thread finished: Thread Group 1-1
2022-03-28 11:50:49,973 INFO o.a.j.e.StandardJMeterEngine: Notifying test listeners of end of test
2022-03-28 11:50:49,973 INFO o.a.j.s.FileServer: Close: /home/vagrant/apache-jmeter-5.3/bin/PerformanceScripts/VCCS/VCCS-99k-From_FT.csv
2022-03-28 11:50:49,975 INFO o.a.j.g.u.JMeterMenuBar: setRunning(false, *local*)
2022-03-28 13:54:28,639 INFO o.a.j.e.StandardJMeterEngine: Running the test!
2022-03-28 13:54:28,642 INFO o.a.j.s.SampleEvent: List of sample_variables: []
2022-03-28 13:54:28,646 INFO o.a.j.g.u.JMeterMenuBar: setRunning(true, *local*)
2022-03-28 13:54:28,791 INFO o.a.j.e.StandardJMeterEngine: Starting ThreadGroup: 1 : Thread Group
2022-03-28 13:54:28,791 INFO o.a.j.e.StandardJMeterEngine: Starting 10 threads for group Thread Group.
2022-03-28 13:54:28,792 INFO o.a.j.e.StandardJMeterEngine: Thread will continue on error
2022-03-28 13:54:28,792 INFO o.a.j.t.ThreadGroup: Starting thread group... number=1 threads=10 ramp-up=1 delayedStart=false
2022-03-28 13:54:28,794 INFO o.a.j.t.JMeterThread: Thread started: Thread Group 1-1
2022-03-28 13:54:28,795 INFO o.a.j.s.FileServer: Stored: /home/vagrant/apache-jmeter-5.3/bin/PerformanceScripts/VCCS/VCCS-99k-From_FT.csv
2022-03-28 13:54:28,804 INFO o.a.j.t.ThreadGroup: Started thread group number 1
2022-03-28 13:54:28,804 INFO o.a.j.e.StandardJMeterEngine: All thread groups have been started
2022-03-28 13:54:28,893 INFO o.a.j.t.JMeterThread: Thread started: Thread Group 1-2
2022-03-28 13:54:28,997 INFO o.a.j.t.JMeterThread: Thread started: Thread Group 1-3
2022-03-28 13:54:29,108 INFO o.a.j.t.JMeterThread: Thread started: Thread Group 1-4
2022-03-28 13:54:29,196 INFO o.a.j.t.JMeterThread: Thread started: Thread Group 1-5
2022-03-28 13:54:29,307 INFO o.a.j.t.JMeterThread: Thread started: Thread Group 1-6
2022-03-28 13:54:29,395 INFO o.a.j.t.JMeterThread: Thread started: Thread Group 1-7
2022-03-28 13:54:29,504 INFO o.a.j.t.JMeterThread: Thread started: Thread Group 1-8
2022-03-28 13:54:29,601 INFO o.a.j.t.JMeterThread: Thread started: Thread Group 1-9
2022-03-28 13:54:29,696 INFO o.a.j.t.JMeterThread: Thread started: Thread Group 1-10
2022-03-28 14:06:27,646 INFO o.a.j.t.JMeterThread: Thread is done: Thread Group 1-2
2022-03-28 14:06:27,646 INFO o.a.j.t.JMeterThread: Thread finished: Thread Group 1-2
2022-03-28 14:06:31,627 INFO o.a.j.t.JMeterThread: Thread is done: Thread Group 1-10
2022-03-28 14:06:31,627 INFO o.a.j.t.JMeterThread: Thread finished: Thread Group 1-10
2022-03-28 14:06:41,897 INFO o.a.j.t.JMeterThread: Thread is done: Thread Group 1-8
2022-03-28 14:06:41,897 INFO o.a.j.t.JMeterThread: Thread finished: Thread Group 1-8
2022-03-28 14:06:46,998 INFO o.a.j.t.JMeterThread: Thread is done: Thread Group 1-4
2022-03-28 14:06:46,998 INFO o.a.j.t.JMeterThread: Thread finished: Thread Group 1-4
2022-03-28 14:06:50,606 INFO o.a.j.t.JMeterThread: Thread is done: Thread Group 1-3
2022-03-28 14:06:50,607 INFO o.a.j.t.JMeterThread: Thread finished: Thread Group 1-3
2022-03-28 14:06:59,598 INFO o.a.j.t.JMeterThread: Thread is done: Thread Group 1-5
2022-03-28 14:06:59,598 INFO o.a.j.t.JMeterThread: Thread finished: Thread Group 1-5
2022-03-28 14:07:04,831 INFO o.a.j.t.JMeterThread: Thread is done: Thread Group 1-9
2022-03-28 14:07:04,832 INFO o.a.j.t.JMeterThread: Thread finished: Thread Group 1-9
2022-03-28 14:07:06,987 INFO o.a.j.t.JMeterThread: Thread is done: Thread Group 1-1
2022-03-28 14:07:06,987 INFO o.a.j.t.JMeterThread: Thread finished: Thread Group 1-1
2022-03-28 14:07:09,420 INFO o.a.j.t.JMeterThread: Thread is done: Thread Group 1-7
2022-03-28 14:07:09,420 INFO o.a.j.t.JMeterThread: Thread finished: Thread Group 1-7
2022-03-28 14:07:36,509 INFO o.a.j.t.JMeterThread: Thread is done: Thread Group 1-6
2022-03-28 14:07:36,510 INFO o.a.j.t.JMeterThread: Thread finished: Thread Group 1-6
2022-03-28 14:07:36,511 INFO o.a.j.e.StandardJMeterEngine: Notifying test listeners of end of test
2022-03-28 14:07:36,511 INFO o.a.j.s.FileServer: Close: /home/vagrant/apache-jmeter-5.3/bin/PerformanceScripts/VCCS/VCCS-99k-From_FT.csv
2022-03-28 14:07:36,511 INFO o.a.j.g.u.JMeterMenuBar: setRunning(false, *local*)
2022-03-28 14:08:01,522 INFO o.a.j.g.a.Load: Loading file: /home/vagrant/apache-jmeter-5.3/bin/PerformanceScripts/Fleets-Credit-Card/FP_CP_TfGM_NEW.jmx
2022-03-28 14:08:01,522 INFO o.a.j.s.FileServer: Set new base='/home/vagrant/apache-jmeter-5.3/bin/PerformanceScripts/Fleets-Credit-Card'
2022-03-28 14:08:01,522 INFO o.a.j.s.SaveService: Loading file: /home/vagrant/apache-jmeter-5.3/bin/PerformanceScripts/Fleets-Credit-Card/FP_CP_TfGM_NEW.jmx
2022-03-28 14:08:01,525 INFO o.a.j.p.h.c.CacheManager: Will only cache the following methods: [GET]
2022-03-28 14:08:01,943 INFO o.a.j.v.ViewResultsFullVisualizer: Add JavaFX to your Java installation if you want to use renderer: org.apache.jmeter.visualizers.RenderInBrowser
2022-03-28 14:08:01,996 INFO o.a.j.s.FileServer: Set new base='/home/vagrant/apache-jmeter-5.3/bin/PerformanceScripts/Fleets-Credit-Card'
2022-03-28 14:19:08,747 INFO o.a.j.g.a.Load: Loading file: /home/vagrant/apache-jmeter-5.3/bin/PerformanceScripts/Fleets-Direct-Debit/FP_DD-TfGM_NEW.jmx
2022-03-28 14:19:08,747 INFO o.a.j.s.FileServer: Set new base='/home/vagrant/apache-jmeter-5.3/bin/PerformanceScripts/Fleets-Direct-Debit'
2022-03-28 14:19:08,747 INFO o.a.j.s.SaveService: Loading file: /home/vagrant/apache-jmeter-5.3/bin/PerformanceScripts/Fleets-Direct-Debit/FP_DD-TfGM_NEW.jmx
2022-03-28 14:19:09,188 INFO o.a.j.v.ViewResultsFullVisualizer: Add JavaFX to your Java installation if you want to use renderer: org.apache.jmeter.visualizers.RenderInBrowser
2022-03-28 14:19:09,262 INFO o.a.j.s.FileServer: Set new base='/home/vagrant/apache-jmeter-5.3/bin/PerformanceScripts/Fleets-Direct-Debit'
2022-03-28 14:19:28,053 INFO o.a.j.g.a.Load: Loading file: /home/vagrant/apache-jmeter-5.3/bin/PerformanceScripts/Fleets-DD -Naga/Sie-DD-5Pages-TfGM-18Jan.jmx
2022-03-28 14:19:28,053 INFO o.a.j.s.FileServer: Set new base='/home/vagrant/apache-jmeter-5.3/bin/PerformanceScripts/Fleets-DD -Naga'
2022-03-28 14:19:28,053 INFO o.a.j.s.SaveService: Loading file: /home/vagrant/apache-jmeter-5.3/bin/PerformanceScripts/Fleets-DD -Naga/Sie-DD-5Pages-TfGM-18Jan.jmx
2022-03-28 14:19:29,375 INFO o.a.j.v.ViewResultsFullVisualizer: Add JavaFX to your Java installation if you want to use renderer: org.apache.jmeter.visualizers.RenderInBrowser
2022-03-28 14:19:29,416 INFO o.a.j.s.FileServer: Set new base='/home/vagrant/apache-jmeter-5.3/bin/PerformanceScripts/Fleets-DD -Naga'
2022-03-28 14:20:01,617 INFO o.a.j.e.StandardJMeterEngine: Running the test!
2022-03-28 14:20:01,618 INFO o.a.j.s.SampleEvent: List of sample_variables: []
2022-03-28 14:20:01,661 INFO o.a.j.g.u.JMeterMenuBar: setRunning(true, *local*)
2022-03-28 14:20:01,883 INFO o.a.j.e.StandardJMeterEngine: Starting ThreadGroup: 1 : Payment
2022-03-28 14:20:01,883 INFO o.a.j.e.StandardJMeterEngine: Starting 1 threads for group Payment.
2022-03-28 14:20:01,883 INFO o.a.j.e.StandardJMeterEngine: Thread will start next loop on error
2022-03-28 14:20:01,883 INFO o.a.j.t.ThreadGroup: Starting thread group... number=1 threads=1 ramp-up=0 delayedStart=false
2022-03-28 14:20:01,916 INFO o.a.j.t.JMeterThread: Thread started: Payment 1-1
2022-03-28 14:20:01,916 INFO o.a.j.t.ThreadGroup: Started thread group number 1
2022-03-28 14:20:01,916 INFO o.a.j.e.StandardJMeterEngine: All thread groups have been started
2022-03-28 14:20:01,917 INFO o.a.j.s.FileServer: Stored: Fleet-Users-DD-Sie.csv
2022-03-28 14:20:11,133 INFO o.a.j.u.BeanShellTestElement: === 04 Total journeys available on Page-1 for user ptuser161 : 130
2022-03-28 14:20:11,138 INFO o.a.j.u.BeanShellTestElement: ***** First VRN on Page-1:  NP_1 : UXI8651
2022-03-28 14:20:11,138 INFO o.a.j.u.BeanShellTestElement: ***** PAGE_NUM : 2
2022-03-28 14:20:12,263 INFO o.a.j.u.BeanShellTestElement: === SETTING PATH-1 : VRNs MATCH NUMBER - user : ptuser161 : 130
2022-03-28 14:20:22,021 INFO o.a.j.u.BeanShellTestElement: ****** 07 Mandate ID :MD000JRTMA3RCF
2022-03-28 14:20:23,180 INFO o.a.j.u.BeanShellTestElement: ****** 08a DD PAYMENT CONFIRM DETAILS - user: ptuser161 - Payment ID  : NONE
2022-03-28 14:20:23,180 INFO o.a.j.u.BeanShellTestElement: ****** 08B DD PAYMENT CONFIRM DETAILS - user: ptuser161 - Payment Ref : NONE
2022-03-28 14:20:23,181 INFO o.a.j.u.BeanShellTestElement: 


2022-03-28 14:20:23,190 INFO o.a.j.t.JMeterThread: Thread is done: Payment 1-1
2022-03-28 14:20:23,190 INFO o.a.j.t.JMeterThread: Thread finished: Payment 1-1
2022-03-28 14:20:23,190 INFO o.a.j.e.StandardJMeterEngine: Starting tearDown thread groups
2022-03-28 14:20:23,190 INFO o.a.j.e.StandardJMeterEngine: Starting tearDown ThreadGroup: 1 : tearDown Thread Group
2022-03-28 14:20:23,190 INFO o.a.j.e.StandardJMeterEngine: Starting 1 threads for group tearDown Thread Group.
2022-03-28 14:20:23,190 INFO o.a.j.e.StandardJMeterEngine: Thread will continue on error
2022-03-28 14:20:23,190 INFO o.a.j.t.ThreadGroup: Starting thread group... number=1 threads=1 ramp-up=1 delayedStart=false
2022-03-28 14:20:23,191 INFO o.a.j.t.ThreadGroup: Started thread group number 1
2022-03-28 14:20:23,191 INFO o.a.j.t.JMeterThread: Thread started: tearDown Thread Group 1-1
2022-03-28 14:20:23,369 INFO o.a.j.t.JMeterThread: Thread is done: tearDown Thread Group 1-1
2022-03-28 14:20:23,369 INFO o.a.j.t.JMeterThread: Thread finished: tearDown Thread Group 1-1
2022-03-28 14:20:23,371 INFO o.a.j.e.StandardJMeterEngine: Notifying test listeners of end of test
2022-03-28 14:20:23,371 INFO o.a.j.s.FileServer: Close: Fleet-Users-DD-Sie.csv
2022-03-28 14:20:23,372 INFO o.a.j.g.u.JMeterMenuBar: setRunning(false, *local*)
2022-03-28 14:22:54,129 INFO o.a.j.e.StandardJMeterEngine: Running the test!
2022-03-28 14:22:54,130 INFO o.a.j.s.SampleEvent: List of sample_variables: []
2022-03-28 14:22:54,154 INFO o.a.j.g.u.JMeterMenuBar: setRunning(true, *local*)
2022-03-28 14:22:54,368 INFO o.a.j.e.StandardJMeterEngine: Starting ThreadGroup: 1 : Payment
2022-03-28 14:22:54,368 INFO o.a.j.e.StandardJMeterEngine: Starting 1 threads for group Payment.
2022-03-28 14:22:54,368 INFO o.a.j.e.StandardJMeterEngine: Thread will start next loop on error
2022-03-28 14:22:54,368 INFO o.a.j.t.ThreadGroup: Starting thread group... number=1 threads=1 ramp-up=0 delayedStart=false
2022-03-28 14:22:54,405 INFO o.a.j.t.ThreadGroup: Started thread group number 1
2022-03-28 14:22:54,406 INFO o.a.j.e.StandardJMeterEngine: All thread groups have been started
2022-03-28 14:22:54,407 INFO o.a.j.t.JMeterThread: Thread started: Payment 1-1
2022-03-28 14:22:54,408 INFO o.a.j.s.FileServer: Stored: Fleet-Users-DD-Sie.csv
2022-03-28 14:23:01,369 INFO o.a.j.u.BeanShellTestElement: === 04 Total journeys available on Page-1 for user ptuser161 : 130
2022-03-28 14:23:01,374 INFO o.a.j.u.BeanShellTestElement: ***** First VRN on Page-1:  NP_1 : UXI8651
2022-03-28 14:23:01,375 INFO o.a.j.u.BeanShellTestElement: ***** PAGE_NUM : 2
2022-03-28 14:23:02,390 INFO o.a.j.u.BeanShellTestElement: === SETTING PATH-1 : VRNs MATCH NUMBER - user : ptuser161 : 130
2022-03-28 14:23:11,508 INFO o.a.j.u.BeanShellTestElement: ****** 07 Mandate ID :MD000JRTMA3RCF
2022-03-28 14:23:12,676 INFO o.a.j.u.BeanShellTestElement: ****** 08a DD PAYMENT CONFIRM DETAILS - user: ptuser161 - Payment ID  : NONE
2022-03-28 14:23:12,677 INFO o.a.j.u.BeanShellTestElement: ****** 08B DD PAYMENT CONFIRM DETAILS - user: ptuser161 - Payment Ref : NONE
2022-03-28 14:23:12,678 INFO o.a.j.u.BeanShellTestElement: 


2022-03-28 14:23:12,688 INFO o.a.j.t.JMeterThread: Thread is done: Payment 1-1
2022-03-28 14:23:12,688 INFO o.a.j.t.JMeterThread: Thread finished: Payment 1-1
2022-03-28 14:23:12,689 INFO o.a.j.e.StandardJMeterEngine: Starting tearDown thread groups
2022-03-28 14:23:12,689 INFO o.a.j.e.StandardJMeterEngine: Starting tearDown ThreadGroup: 1 : tearDown Thread Group
2022-03-28 14:23:12,689 INFO o.a.j.e.StandardJMeterEngine: Starting 1 threads for group tearDown Thread Group.
2022-03-28 14:23:12,689 INFO o.a.j.e.StandardJMeterEngine: Thread will continue on error
2022-03-28 14:23:12,689 INFO o.a.j.t.ThreadGroup: Starting thread group... number=1 threads=1 ramp-up=1 delayedStart=false
2022-03-28 14:23:12,689 INFO o.a.j.t.ThreadGroup: Started thread group number 1
2022-03-28 14:23:12,690 INFO o.a.j.t.JMeterThread: Thread started: tearDown Thread Group 1-1
2022-03-28 14:23:12,842 INFO o.a.j.t.JMeterThread: Thread is done: tearDown Thread Group 1-1
2022-03-28 14:23:12,842 INFO o.a.j.t.JMeterThread: Thread finished: tearDown Thread Group 1-1
2022-03-28 14:23:12,843 INFO o.a.j.e.StandardJMeterEngine: Notifying test listeners of end of test
2022-03-28 14:23:12,844 INFO o.a.j.s.FileServer: Close: Fleet-Users-DD-Sie.csv
2022-03-28 14:23:12,845 INFO o.a.j.g.u.JMeterMenuBar: setRunning(false, *local*)
2022-03-28 14:23:43,833 INFO o.a.j.g.a.Load: Loading file: /home/vagrant/apache-jmeter-5.3/bin/PerformanceScripts/Fleets-DD -Naga/Sie-DD-5Pages-TfGM-18Jan.jmx
2022-03-28 14:23:43,834 INFO o.a.j.s.FileServer: Set new base='/home/vagrant/apache-jmeter-5.3/bin/PerformanceScripts/Fleets-DD -Naga'
2022-03-28 14:23:43,834 INFO o.a.j.s.SaveService: Loading file: /home/vagrant/apache-jmeter-5.3/bin/PerformanceScripts/Fleets-DD -Naga/Sie-DD-5Pages-TfGM-18Jan.jmx
2022-03-28 14:23:45,599 INFO o.a.j.v.ViewResultsFullVisualizer: Add JavaFX to your Java installation if you want to use renderer: org.apache.jmeter.visualizers.RenderInBrowser
2022-03-28 14:23:45,645 INFO o.a.j.s.FileServer: Set new base='/home/vagrant/apache-jmeter-5.3/bin/PerformanceScripts/Fleets-DD -Naga'
2022-03-28 14:23:52,196 INFO o.a.j.e.StandardJMeterEngine: Running the test!
2022-03-28 14:23:52,196 INFO o.a.j.s.SampleEvent: List of sample_variables: []
2022-03-28 14:23:52,219 INFO o.a.j.g.u.JMeterMenuBar: setRunning(true, *local*)
2022-03-28 14:23:52,389 INFO o.a.j.e.StandardJMeterEngine: Starting ThreadGroup: 1 : Payment
2022-03-28 14:23:52,389 INFO o.a.j.e.StandardJMeterEngine: Starting 1 threads for group Payment.
2022-03-28 14:23:52,389 INFO o.a.j.e.StandardJMeterEngine: Thread will start next loop on error
2022-03-28 14:23:52,389 INFO o.a.j.t.ThreadGroup: Starting thread group... number=1 threads=1 ramp-up=0 delayedStart=false
2022-03-28 14:23:52,426 INFO o.a.j.t.ThreadGroup: Started thread group number 1
2022-03-28 14:23:52,426 INFO o.a.j.e.StandardJMeterEngine: All thread groups have been started
2022-03-28 14:23:52,426 INFO o.a.j.t.JMeterThread: Thread started: Payment 1-1
2022-03-28 14:23:52,427 INFO o.a.j.s.FileServer: Stored: Fleet-Users-DD-Sie.csv
2022-03-28 14:24:01,380 INFO o.a.j.u.BeanShellTestElement: === 04 Total journeys available on Page-1 for user ptuser161 : 130
2022-03-28 14:24:01,381 INFO o.a.j.u.BeanShellTestElement: ***** First VRN on Page-1:  NP_1 : UXI8651
2022-03-28 14:24:01,381 INFO o.a.j.u.BeanShellTestElement: ***** PAGE_NUM : 2
2022-03-28 14:24:02,400 INFO o.a.j.u.BeanShellTestElement: === SETTING PATH-1 : VRNs MATCH NUMBER - user : ptuser161 : 130
2022-03-28 14:24:13,527 INFO o.a.j.u.BeanShellTestElement: ****** 07 Mandate ID :MD000JRTMA3RCF
2022-03-28 14:24:14,773 INFO o.a.j.u.BeanShellTestElement: ****** 08a DD PAYMENT CONFIRM DETAILS - user: ptuser161 - Payment ID  : NONE
2022-03-28 14:24:14,773 INFO o.a.j.u.BeanShellTestElement: ****** 08B DD PAYMENT CONFIRM DETAILS - user: ptuser161 - Payment Ref : NONE
2022-03-28 14:24:14,774 INFO o.a.j.u.BeanShellTestElement: 


2022-03-28 14:24:14,781 INFO o.a.j.t.JMeterThread: Thread is done: Payment 1-1
2022-03-28 14:24:14,781 INFO o.a.j.t.JMeterThread: Thread finished: Payment 1-1
2022-03-28 14:24:14,782 INFO o.a.j.e.StandardJMeterEngine: Starting tearDown thread groups
2022-03-28 14:24:14,782 INFO o.a.j.e.StandardJMeterEngine: Starting tearDown ThreadGroup: 1 : tearDown Thread Group
2022-03-28 14:24:14,782 INFO o.a.j.e.StandardJMeterEngine: Starting 1 threads for group tearDown Thread Group.
2022-03-28 14:24:14,782 INFO o.a.j.e.StandardJMeterEngine: Thread will continue on error
2022-03-28 14:24:14,782 INFO o.a.j.t.ThreadGroup: Starting thread group... number=1 threads=1 ramp-up=1 delayedStart=false
2022-03-28 14:24:14,782 INFO o.a.j.t.ThreadGroup: Started thread group number 1
2022-03-28 14:24:14,782 INFO o.a.j.t.JMeterThread: Thread started: tearDown Thread Group 1-1
2022-03-28 14:24:14,925 INFO o.a.j.t.JMeterThread: Thread is done: tearDown Thread Group 1-1
2022-03-28 14:24:14,925 INFO o.a.j.t.JMeterThread: Thread finished: tearDown Thread Group 1-1
2022-03-28 14:24:14,925 INFO o.a.j.e.StandardJMeterEngine: Notifying test listeners of end of test
2022-03-28 14:24:14,925 INFO o.a.j.s.FileServer: Close: Fleet-Users-DD-Sie.csv
2022-03-28 14:24:14,926 INFO o.a.j.g.u.JMeterMenuBar: setRunning(false, *local*)
2022-03-28 14:24:23,219 INFO o.a.j.e.StandardJMeterEngine: Running the test!
2022-03-28 14:24:23,221 INFO o.a.j.s.SampleEvent: List of sample_variables: []
2022-03-28 14:24:23,229 INFO o.a.j.g.u.JMeterMenuBar: setRunning(true, *local*)
2022-03-28 14:24:23,363 INFO o.a.j.e.StandardJMeterEngine: Starting ThreadGroup: 1 : Payment
2022-03-28 14:24:23,363 INFO o.a.j.e.StandardJMeterEngine: Starting 1 threads for group Payment.
2022-03-28 14:24:23,363 INFO o.a.j.e.StandardJMeterEngine: Thread will start next loop on error
2022-03-28 14:24:23,364 INFO o.a.j.t.ThreadGroup: Starting thread group... number=1 threads=1 ramp-up=0 delayedStart=false
2022-03-28 14:24:23,393 INFO o.a.j.t.ThreadGroup: Started thread group number 1
2022-03-28 14:24:23,393 INFO o.a.j.e.StandardJMeterEngine: All thread groups have been started
2022-03-28 14:24:23,394 INFO o.a.j.t.JMeterThread: Thread started: Payment 1-1
2022-03-28 14:24:23,395 INFO o.a.j.s.FileServer: Stored: Fleet-Users-DD-Sie.csv
2022-03-28 14:24:30,233 INFO o.a.j.u.BeanShellTestElement: === 04 Total journeys available on Page-1 for user ptuser161 : 130
2022-03-28 14:24:30,234 INFO o.a.j.u.BeanShellTestElement: ***** First VRN on Page-1:  NP_1 : UXI8651
2022-03-28 14:24:30,234 INFO o.a.j.u.BeanShellTestElement: ***** PAGE_NUM : 2
2022-03-28 14:24:31,247 INFO o.a.j.u.BeanShellTestElement: === SETTING PATH-1 : VRNs MATCH NUMBER - user : ptuser161 : 130
2022-03-28 14:24:40,267 INFO o.a.j.u.BeanShellTestElement: ****** 07 Mandate ID :MD000JRTMA3RCF
2022-03-28 14:24:41,502 INFO o.a.j.u.BeanShellTestElement: ****** 08a DD PAYMENT CONFIRM DETAILS - user: ptuser161 - Payment ID  : NONE
2022-03-28 14:24:41,503 INFO o.a.j.u.BeanShellTestElement: ****** 08B DD PAYMENT CONFIRM DETAILS - user: ptuser161 - Payment Ref : NONE
2022-03-28 14:24:41,503 INFO o.a.j.u.BeanShellTestElement: 


2022-03-28 14:24:44,060 INFO o.a.j.u.BeanShellTestElement: === 04 Total journeys available on Page-1 for user ptuser161 : 130
2022-03-28 14:24:44,060 INFO o.a.j.u.BeanShellTestElement: ***** First VRN on Page-1:  NP_1 : UXI8651
2022-03-28 14:24:44,060 INFO o.a.j.u.BeanShellTestElement: ***** PAGE_NUM : 2
2022-03-28 14:24:45,070 INFO o.a.j.u.BeanShellTestElement: === SETTING PATH-1 : VRNs MATCH NUMBER - user : ptuser161 : 130
2022-03-28 14:24:54,248 INFO o.a.j.u.BeanShellTestElement: ****** 07 Mandate ID :MD000JRTMA3RCF
2022-03-28 14:24:55,540 INFO o.a.j.u.BeanShellTestElement: ****** 08a DD PAYMENT CONFIRM DETAILS - user: ptuser161 - Payment ID  : NONE
2022-03-28 14:24:55,540 INFO o.a.j.u.BeanShellTestElement: ****** 08B DD PAYMENT CONFIRM DETAILS - user: ptuser161 - Payment Ref : NONE
2022-03-28 14:24:55,540 INFO o.a.j.u.BeanShellTestElement: 


2022-03-28 14:24:58,153 INFO o.a.j.u.BeanShellTestElement: === 04 Total journeys available on Page-1 for user ptuser161 : 130
2022-03-28 14:24:58,153 INFO o.a.j.u.BeanShellTestElement: ***** First VRN on Page-1:  NP_1 : UXI8651
2022-03-28 14:24:58,154 INFO o.a.j.u.BeanShellTestElement: ***** PAGE_NUM : 2
2022-03-28 14:24:59,163 INFO o.a.j.u.BeanShellTestElement: === SETTING PATH-1 : VRNs MATCH NUMBER - user : ptuser161 : 130
2022-03-28 14:25:07,417 INFO o.a.j.g.a.Start: Shutting test down
2022-03-28 14:25:07,424 INFO o.a.j.t.JMeterThread: Stopping: Payment 1-1
2022-03-28 14:25:07,748 INFO o.a.j.t.JMeterThread: Thread finished: Payment 1-1
2022-03-28 14:25:07,749 INFO o.a.j.e.StandardJMeterEngine: Starting tearDown thread groups
2022-03-28 14:25:07,749 INFO o.a.j.e.StandardJMeterEngine: Notifying test listeners of end of test
2022-03-28 14:25:07,750 INFO o.a.j.s.FileServer: Close: Fleet-Users-DD-Sie.csv
2022-03-28 14:25:07,751 INFO o.a.j.g.u.JMeterMenuBar: setRunning(false, *local*)
2022-03-28 14:25:14,760 INFO o.a.j.e.StandardJMeterEngine: Running the test!
2022-03-28 14:25:14,760 INFO o.a.j.s.SampleEvent: List of sample_variables: []
2022-03-28 14:25:14,770 INFO o.a.j.g.u.JMeterMenuBar: setRunning(true, *local*)
2022-03-28 14:25:14,920 INFO o.a.j.e.StandardJMeterEngine: Starting ThreadGroup: 1 : Payment
2022-03-28 14:25:14,920 INFO o.a.j.e.StandardJMeterEngine: Starting 1 threads for group Payment.
2022-03-28 14:25:14,920 INFO o.a.j.e.StandardJMeterEngine: Thread will start next loop on error
2022-03-28 14:25:14,920 INFO o.a.j.t.ThreadGroup: Starting thread group... number=1 threads=1 ramp-up=0 delayedStart=false
2022-03-28 14:25:14,946 INFO o.a.j.t.ThreadGroup: Started thread group number 1
2022-03-28 14:25:14,946 INFO o.a.j.e.StandardJMeterEngine: All thread groups have been started
2022-03-28 14:25:14,949 INFO o.a.j.t.JMeterThread: Thread started: Payment 1-1
2022-03-28 14:25:14,949 INFO o.a.j.s.FileServer: Stored: Fleet-Users-DD-Sie.csv
2022-03-28 14:25:21,904 INFO o.a.j.u.BeanShellTestElement: === 04 Total journeys available on Page-1 for user ptuser161 : 130
2022-03-28 14:25:21,904 INFO o.a.j.u.BeanShellTestElement: ***** First VRN on Page-1:  NP_1 : UXI8651
2022-03-28 14:25:21,904 INFO o.a.j.u.BeanShellTestElement: ***** PAGE_NUM : 2
2022-03-28 14:25:22,920 INFO o.a.j.u.BeanShellTestElement: === SETTING PATH-1 : VRNs MATCH NUMBER - user : ptuser161 : 130
2022-03-28 14:25:31,981 INFO o.a.j.u.BeanShellTestElement: ****** 07 Mandate ID :MD000JRTMA3RCF
2022-03-28 14:25:33,153 INFO o.a.j.u.BeanShellTestElement: ****** 08a DD PAYMENT CONFIRM DETAILS - user: ptuser161 - Payment ID  : NONE
2022-03-28 14:25:33,154 INFO o.a.j.u.BeanShellTestElement: ****** 08B DD PAYMENT CONFIRM DETAILS - user: ptuser161 - Payment Ref : NONE
2022-03-28 14:25:33,154 INFO o.a.j.u.BeanShellTestElement: 


2022-03-28 14:25:35,946 INFO o.a.j.u.BeanShellTestElement: === 04 Total journeys available on Page-1 for user ptuser161 : 130
2022-03-28 14:25:35,947 INFO o.a.j.u.BeanShellTestElement: ***** First VRN on Page-1:  NP_1 : UXI8651
2022-03-28 14:25:35,950 INFO o.a.j.u.BeanShellTestElement: ***** PAGE_NUM : 2
2022-03-28 14:25:36,963 INFO o.a.j.u.BeanShellTestElement: === SETTING PATH-1 : VRNs MATCH NUMBER - user : ptuser161 : 130
2022-03-28 14:25:45,974 INFO o.a.j.u.BeanShellTestElement: ****** 07 Mandate ID :MD000JRTMA3RCF
2022-03-28 14:25:47,137 INFO o.a.j.u.BeanShellTestElement: ****** 08a DD PAYMENT CONFIRM DETAILS - user: ptuser161 - Payment ID  : NONE
2022-03-28 14:25:47,137 INFO o.a.j.u.BeanShellTestElement: ****** 08B DD PAYMENT CONFIRM DETAILS - user: ptuser161 - Payment Ref : NONE
2022-03-28 14:25:47,137 INFO o.a.j.u.BeanShellTestElement: 


2022-03-28 14:25:53,540 INFO o.a.j.u.BeanShellTestElement: === 04 Total journeys available on Page-1 for user ptuser161 : 130
2022-03-28 14:25:53,541 INFO o.a.j.u.BeanShellTestElement: ***** First VRN on Page-1:  NP_1 : UXI8651
2022-03-28 14:25:53,545 INFO o.a.j.u.BeanShellTestElement: ***** PAGE_NUM : 2
2022-03-28 14:25:54,553 INFO o.a.j.u.BeanShellTestElement: === SETTING PATH-1 : VRNs MATCH NUMBER - user : ptuser161 : 130
2022-03-28 14:26:03,897 INFO o.a.j.u.BeanShellTestElement: ****** 07 Mandate ID :MD000JRTMA3RCF
2022-03-28 14:26:05,044 INFO o.a.j.u.BeanShellTestElement: ****** 08a DD PAYMENT CONFIRM DETAILS - user: ptuser161 - Payment ID  : NONE
2022-03-28 14:26:05,044 INFO o.a.j.u.BeanShellTestElement: ****** 08B DD PAYMENT CONFIRM DETAILS - user: ptuser161 - Payment Ref : NONE
2022-03-28 14:26:05,045 INFO o.a.j.u.BeanShellTestElement: 


2022-03-28 14:26:07,737 INFO o.a.j.u.BeanShellTestElement: === 04 Total journeys available on Page-1 for user ptuser161 : 130
2022-03-28 14:26:07,737 INFO o.a.j.u.BeanShellTestElement: ***** First VRN on Page-1:  NP_1 : UXI8651
2022-03-28 14:26:07,737 INFO o.a.j.u.BeanShellTestElement: ***** PAGE_NUM : 2
2022-03-28 14:26:08,744 INFO o.a.j.u.BeanShellTestElement: === SETTING PATH-1 : VRNs MATCH NUMBER - user : ptuser161 : 130
2022-03-28 14:26:17,760 INFO o.a.j.u.BeanShellTestElement: ****** 07 Mandate ID :MD000JRTMA3RCF
2022-03-28 14:26:18,973 INFO o.a.j.u.BeanShellTestElement: ****** 08a DD PAYMENT CONFIRM DETAILS - user: ptuser161 - Payment ID  : NONE
2022-03-28 14:26:18,973 INFO o.a.j.u.BeanShellTestElement: ****** 08B DD PAYMENT CONFIRM DETAILS - user: ptuser161 - Payment Ref : NONE
2022-03-28 14:26:18,974 INFO o.a.j.u.BeanShellTestElement: 


2022-03-28 14:26:21,668 INFO o.a.j.u.BeanShellTestElement: === 04 Total journeys available on Page-1 for user ptuser161 : 130
2022-03-28 14:26:21,669 INFO o.a.j.u.BeanShellTestElement: ***** First VRN on Page-1:  NP_1 : UXI8651
2022-03-28 14:26:21,669 INFO o.a.j.u.BeanShellTestElement: ***** PAGE_NUM : 2
2022-03-28 14:26:22,680 INFO o.a.j.u.BeanShellTestElement: === SETTING PATH-1 : VRNs MATCH NUMBER - user : ptuser161 : 130
2022-03-28 14:26:31,873 INFO o.a.j.u.BeanShellTestElement: ****** 07 Mandate ID :MD000JRTMA3RCF
2022-03-28 14:26:33,019 INFO o.a.j.u.BeanShellTestElement: ****** 08a DD PAYMENT CONFIRM DETAILS - user: ptuser161 - Payment ID  : NONE
2022-03-28 14:26:33,019 INFO o.a.j.u.BeanShellTestElement: ****** 08B DD PAYMENT CONFIRM DETAILS - user: ptuser161 - Payment Ref : NONE
2022-03-28 14:26:33,019 INFO o.a.j.u.BeanShellTestElement: 


2022-03-28 14:26:33,025 INFO o.a.j.t.JMeterThread: Thread is done: Payment 1-1
2022-03-28 14:26:33,025 INFO o.a.j.t.JMeterThread: Thread finished: Payment 1-1
2022-03-28 14:26:33,025 INFO o.a.j.e.StandardJMeterEngine: Starting tearDown thread groups
2022-03-28 14:26:33,025 INFO o.a.j.e.StandardJMeterEngine: Starting tearDown ThreadGroup: 1 : tearDown Thread Group
2022-03-28 14:26:33,025 INFO o.a.j.e.StandardJMeterEngine: Starting 1 threads for group tearDown Thread Group.
2022-03-28 14:26:33,025 INFO o.a.j.e.StandardJMeterEngine: Thread will continue on error
2022-03-28 14:26:33,025 INFO o.a.j.t.ThreadGroup: Starting thread group... number=1 threads=1 ramp-up=1 delayedStart=false
2022-03-28 14:26:33,027 INFO o.a.j.t.ThreadGroup: Started thread group number 1
2022-03-28 14:26:33,030 INFO o.a.j.t.JMeterThread: Thread started: tearDown Thread Group 1-1
2022-03-28 14:26:33,185 INFO o.a.j.t.JMeterThread: Thread is done: tearDown Thread Group 1-1
2022-03-28 14:26:33,185 INFO o.a.j.t.JMeterThread: Thread finished: tearDown Thread Group 1-1
2022-03-28 14:26:33,186 INFO o.a.j.e.StandardJMeterEngine: Notifying test listeners of end of test
2022-03-28 14:26:33,186 INFO o.a.j.s.FileServer: Close: Fleet-Users-DD-Sie.csv
2022-03-28 14:26:33,187 INFO o.a.j.g.u.JMeterMenuBar: setRunning(false, *local*)
2022-03-28 14:27:43,206 INFO o.a.j.e.StandardJMeterEngine: Running the test!
2022-03-28 14:27:43,206 INFO o.a.j.s.SampleEvent: List of sample_variables: []
2022-03-28 14:27:43,219 INFO o.a.j.g.u.JMeterMenuBar: setRunning(true, *local*)
2022-03-28 14:27:43,369 INFO o.a.j.e.StandardJMeterEngine: Starting ThreadGroup: 1 : Payment
2022-03-28 14:27:43,369 INFO o.a.j.e.StandardJMeterEngine: Starting 10 threads for group Payment.
2022-03-28 14:27:43,369 INFO o.a.j.e.StandardJMeterEngine: Thread will start next loop on error
2022-03-28 14:27:43,369 INFO o.a.j.t.ThreadGroup: Starting thread group... number=1 threads=10 ramp-up=0 delayedStart=false
2022-03-28 14:27:43,414 INFO o.a.j.t.JMeterThread: Thread started: Payment 1-1
2022-03-28 14:27:43,415 INFO o.a.j.s.FileServer: Stored: Fleet-Users-DD-Sie.csv
2022-03-28 14:27:43,442 INFO o.a.j.t.JMeterThread: Thread started: Payment 1-2
2022-03-28 14:27:43,470 INFO o.a.j.t.JMeterThread: Thread started: Payment 1-3
2022-03-28 14:27:43,496 INFO o.a.j.t.JMeterThread: Thread started: Payment 1-4
2022-03-28 14:27:43,520 INFO o.a.j.t.JMeterThread: Thread started: Payment 1-5
2022-03-28 14:27:43,546 INFO o.a.j.t.JMeterThread: Thread started: Payment 1-6
2022-03-28 14:27:43,573 INFO o.a.j.t.JMeterThread: Thread started: Payment 1-7
2022-03-28 14:27:43,599 INFO o.a.j.t.JMeterThread: Thread started: Payment 1-8
2022-03-28 14:27:43,624 INFO o.a.j.t.JMeterThread: Thread started: Payment 1-9
2022-03-28 14:27:43,649 INFO o.a.j.t.ThreadGroup: Started thread group number 1
2022-03-28 14:27:43,649 INFO o.a.j.e.StandardJMeterEngine: All thread groups have been started
2022-03-28 14:27:43,649 INFO o.a.j.t.JMeterThread: Thread started: Payment 1-10
2022-03-28 14:27:50,383 INFO o.a.j.u.BeanShellTestElement: === 04 Total journeys available on Page-1 for user ptuser162 : 130
2022-03-28 14:27:50,385 INFO o.a.j.u.BeanShellTestElement: ***** First VRN on Page-1:  NP_1 : V158NAY
2022-03-28 14:27:50,385 INFO o.a.j.u.BeanShellTestElement: ***** PAGE_NUM : 2
2022-03-28 14:27:51,394 INFO o.a.j.u.BeanShellTestElement: === SETTING PATH-1 : VRNs MATCH NUMBER - user : ptuser162 : 130
2022-03-28 14:27:52,358 INFO o.a.j.u.BeanShellTestElement: === 04 Total journeys available on Page-1 for user ptuser161 : 130
2022-03-28 14:27:52,359 INFO o.a.j.u.BeanShellTestElement: ***** First VRN on Page-1:  NP_1 : UXI8651
2022-03-28 14:27:52,359 INFO o.a.j.u.BeanShellTestElement: ***** PAGE_NUM : 2
2022-03-28 14:27:53,367 INFO o.a.j.u.BeanShellTestElement: === SETTING PATH-1 : VRNs MATCH NUMBER - user : ptuser161 : 130
2022-03-28 14:28:00,566 INFO o.a.j.u.BeanShellTestElement: ****** 07 Mandate ID :MD000JRTPCM1BJ
2022-03-28 14:28:01,798 INFO o.a.j.u.BeanShellTestElement: ****** 08a DD PAYMENT CONFIRM DETAILS - user: ptuser162 - Payment ID  : NONE
2022-03-28 14:28:01,798 INFO o.a.j.u.BeanShellTestElement: ****** 08B DD PAYMENT CONFIRM DETAILS - user: ptuser162 - Payment Ref : NONE
2022-03-28 14:28:01,798 INFO o.a.j.u.BeanShellTestElement: 


2022-03-28 14:28:02,418 INFO o.a.j.u.BeanShellTestElement: ****** 07 Mandate ID :MD000JRTMA3RCF
2022-03-28 14:28:03,544 INFO o.a.j.u.BeanShellTestElement: ****** 08a DD PAYMENT CONFIRM DETAILS - user: ptuser161 - Payment ID  : NONE
2022-03-28 14:28:03,544 INFO o.a.j.u.BeanShellTestElement: ****** 08B DD PAYMENT CONFIRM DETAILS - user: ptuser161 - Payment Ref : NONE
2022-03-28 14:28:03,544 INFO o.a.j.u.BeanShellTestElement: 


2022-03-28 14:28:08,949 INFO o.a.j.u.BeanShellTestElement: === 04 Total journeys available on Page-1 for user ptuser163 : 130
2022-03-28 14:28:08,951 INFO o.a.j.u.BeanShellTestElement: ***** First VRN on Page-1:  NP_1 : V274DSN
2022-03-28 14:28:08,952 INFO o.a.j.u.BeanShellTestElement: ***** PAGE_NUM : 2
2022-03-28 14:28:08,965 INFO o.a.j.u.BeanShellTestElement: === 04 Total journeys available on Page-1 for user ptuser161 : 130
2022-03-28 14:28:08,965 INFO o.a.j.u.BeanShellTestElement: ***** First VRN on Page-1:  NP_1 : UXI8651
2022-03-28 14:28:08,965 INFO o.a.j.u.BeanShellTestElement: ***** PAGE_NUM : 2
2022-03-28 14:28:08,985 INFO o.a.j.u.BeanShellTestElement: === 04 Total journeys available on Page-1 for user ptuser165 : 130
2022-03-28 14:28:08,987 INFO o.a.j.u.BeanShellTestElement: ***** First VRN on Page-1:  NP_1 : V517ENJ
2022-03-28 14:28:08,987 INFO o.a.j.u.BeanShellTestElement: ***** PAGE_NUM : 2
2022-03-28 14:28:09,085 INFO o.a.j.u.BeanShellTestElement: === 04 Total journeys available on Page-1 for user ptuser168 : 130
2022-03-28 14:28:09,086 INFO o.a.j.u.BeanShellTestElement: ***** First VRN on Page-1:  NP_1 : V853GAG
2022-03-28 14:28:09,086 INFO o.a.j.u.BeanShellTestElement: ***** PAGE_NUM : 2
2022-03-28 14:28:09,310 INFO o.a.j.u.BeanShellTestElement: === 04 Total journeys available on Page-1 for user ptuser167 : 130
2022-03-28 14:28:09,311 INFO o.a.j.u.BeanShellTestElement: ***** First VRN on Page-1:  NP_1 : V759KAS
2022-03-28 14:28:09,311 INFO o.a.j.u.BeanShellTestElement: ***** PAGE_NUM : 2
2022-03-28 14:28:09,965 INFO o.a.j.u.BeanShellTestElement: === SETTING PATH-1 : VRNs MATCH NUMBER - user : ptuser163 : 130
2022-03-28 14:28:09,972 INFO o.a.j.u.BeanShellTestElement: === SETTING PATH-1 : VRNs MATCH NUMBER - user : ptuser161 : 130
2022-03-28 14:28:10,035 INFO o.a.j.u.BeanShellTestElement: === SETTING PATH-1 : VRNs MATCH NUMBER - user : ptuser165 : 130
2022-03-28 14:28:10,094 INFO o.a.j.u.BeanShellTestElement: === SETTING PATH-1 : VRNs MATCH NUMBER - user : ptuser168 : 130
2022-03-28 14:28:10,320 INFO o.a.j.u.BeanShellTestElement: === SETTING PATH-1 : VRNs MATCH NUMBER - user : ptuser167 : 130
2022-03-28 14:28:19,076 INFO o.a.j.u.BeanShellTestElement: === 04 Total journeys available on Page-1 for user ptuser161 : 130
2022-03-28 14:28:19,077 INFO o.a.j.u.BeanShellTestElement: ***** First VRN on Page-1:  NP_1 : UXI8651
2022-03-28 14:28:19,077 INFO o.a.j.u.BeanShellTestElement: ***** PAGE_NUM : 2
2022-03-28 14:28:19,139 INFO o.a.j.u.BeanShellTestElement: ****** 07 Mandate ID :MD000JRWYJJ7WT
2022-03-28 14:28:19,462 INFO o.a.j.u.BeanShellTestElement: ****** 07 Mandate ID :MD000JRTR5FE49
2022-03-28 14:28:19,466 INFO o.a.j.u.BeanShellTestElement: ****** 07 Mandate ID :MD000JRTMA3RCF
2022-03-28 14:28:19,507 INFO o.a.j.u.BeanShellTestElement: ****** 07 Mandate ID :MD000JSR2G1PM9
2022-03-28 14:28:19,589 INFO o.a.j.u.BeanShellTestElement: ****** 07 Mandate ID :MD000JSR4HTNJC
2022-03-28 14:28:20,087 INFO o.a.j.u.BeanShellTestElement: === SETTING PATH-1 : VRNs MATCH NUMBER - user : ptuser161 : 130
2022-03-28 14:28:20,296 INFO o.a.j.u.BeanShellTestElement: ****** 08a DD PAYMENT CONFIRM DETAILS - user: ptuser165 - Payment ID  : NONE
2022-03-28 14:28:20,296 INFO o.a.j.u.BeanShellTestElement: ****** 08B DD PAYMENT CONFIRM DETAILS - user: ptuser165 - Payment Ref : NONE
2022-03-28 14:28:20,296 INFO o.a.j.u.BeanShellTestElement: 


2022-03-28 14:28:20,615 INFO o.a.j.u.BeanShellTestElement: ****** 08a DD PAYMENT CONFIRM DETAILS - user: ptuser163 - Payment ID  : NONE
2022-03-28 14:28:20,615 INFO o.a.j.u.BeanShellTestElement: ****** 08B DD PAYMENT CONFIRM DETAILS - user: ptuser163 - Payment Ref : NONE
2022-03-28 14:28:20,615 INFO o.a.j.u.BeanShellTestElement: 


2022-03-28 14:28:20,716 INFO o.a.j.u.BeanShellTestElement: ****** 08a DD PAYMENT CONFIRM DETAILS - user: ptuser161 - Payment ID  : NONE
2022-03-28 14:28:20,716 INFO o.a.j.u.BeanShellTestElement: ****** 08B DD PAYMENT CONFIRM DETAILS - user: ptuser161 - Payment Ref : NONE
2022-03-28 14:28:20,716 INFO o.a.j.u.BeanShellTestElement: 


2022-03-28 14:28:20,811 INFO o.a.j.u.BeanShellTestElement: ****** 08a DD PAYMENT CONFIRM DETAILS - user: ptuser167 - Payment ID  : NONE
2022-03-28 14:28:20,811 INFO o.a.j.u.BeanShellTestElement: ****** 08B DD PAYMENT CONFIRM DETAILS - user: ptuser167 - Payment Ref : NONE
2022-03-28 14:28:20,811 INFO o.a.j.u.BeanShellTestElement: 


2022-03-28 14:28:20,822 INFO o.a.j.u.BeanShellTestElement: ****** 08a DD PAYMENT CONFIRM DETAILS - user: ptuser168 - Payment ID  : NONE
2022-03-28 14:28:20,822 INFO o.a.j.u.BeanShellTestElement: ****** 08B DD PAYMENT CONFIRM DETAILS - user: ptuser168 - Payment Ref : NONE
2022-03-28 14:28:20,823 INFO o.a.j.u.BeanShellTestElement: 


2022-03-28 14:28:22,628 INFO o.a.j.u.BeanShellTestElement: === 04 Total journeys available on Page-1 for user ptuser162 : 130
2022-03-28 14:28:22,628 INFO o.a.j.u.BeanShellTestElement: ***** First VRN on Page-1:  NP_1 : V158NAY
2022-03-28 14:28:22,628 INFO o.a.j.u.BeanShellTestElement: ***** PAGE_NUM : 2
2022-03-28 14:28:23,090 INFO o.a.j.u.BeanShellTestElement: === 04 Total journeys available on Page-1 for user ptuser165 : 130
2022-03-28 14:28:23,090 INFO o.a.j.u.BeanShellTestElement: ***** First VRN on Page-1:  NP_1 : V517ENJ
2022-03-28 14:28:23,090 INFO o.a.j.u.BeanShellTestElement: ***** PAGE_NUM : 2
2022-03-28 14:28:23,346 INFO o.a.j.u.BeanShellTestElement: === 04 Total journeys available on Page-1 for user ptuser163 : 130
2022-03-28 14:28:23,347 INFO o.a.j.u.BeanShellTestElement: ***** First VRN on Page-1:  NP_1 : V274DSN
2022-03-28 14:28:23,347 INFO o.a.j.u.BeanShellTestElement: ***** PAGE_NUM : 2
2022-03-28 14:28:23,463 INFO o.a.j.u.BeanShellTestElement: === 04 Total journeys available on Page-1 for user ptuser161 : 130
2022-03-28 14:28:23,463 INFO o.a.j.u.BeanShellTestElement: ***** First VRN on Page-1:  NP_1 : UXI8651
2022-03-28 14:28:23,463 INFO o.a.j.u.BeanShellTestElement: ***** PAGE_NUM : 2
2022-03-28 14:28:23,618 INFO o.a.j.u.BeanShellTestElement: === 04 Total journeys available on Page-1 for user ptuser167 : 130
2022-03-28 14:28:23,619 INFO o.a.j.u.BeanShellTestElement: ***** First VRN on Page-1:  NP_1 : V759KAS
2022-03-28 14:28:23,619 INFO o.a.j.u.BeanShellTestElement: ***** PAGE_NUM : 2
2022-03-28 14:28:23,716 INFO o.a.j.u.BeanShellTestElement: === SETTING PATH-1 : VRNs MATCH NUMBER - user : ptuser162 : 130
2022-03-28 14:28:23,859 INFO o.a.j.u.BeanShellTestElement: === 04 Total journeys available on Page-1 for user ptuser168 : 130
2022-03-28 14:28:23,859 INFO o.a.j.u.BeanShellTestElement: ***** First VRN on Page-1:  NP_1 : V853GAG
2022-03-28 14:28:23,859 INFO o.a.j.u.BeanShellTestElement: ***** PAGE_NUM : 2
2022-03-28 14:28:24,182 INFO o.a.j.u.BeanShellTestElement: === SETTING PATH-1 : VRNs MATCH NUMBER - user : ptuser165 : 130
2022-03-28 14:28:24,353 INFO o.a.j.u.BeanShellTestElement: === SETTING PATH-1 : VRNs MATCH NUMBER - user : ptuser163 : 130
2022-03-28 14:28:24,473 INFO o.a.j.u.BeanShellTestElement: === SETTING PATH-1 : VRNs MATCH NUMBER - user : ptuser161 : 130
2022-03-28 14:28:24,678 INFO o.a.j.u.BeanShellTestElement: === SETTING PATH-1 : VRNs MATCH NUMBER - user : ptuser167 : 130
2022-03-28 14:28:24,867 INFO o.a.j.u.BeanShellTestElement: === SETTING PATH-1 : VRNs MATCH NUMBER - user : ptuser168 : 130
2022-03-28 14:28:26,151 INFO o.a.j.u.BeanShellTestElement: === 04 Total journeys available on Page-1 for user ptuser164 : 130
2022-03-28 14:28:26,151 INFO o.a.j.u.BeanShellTestElement: ***** First VRN on Page-1:  NP_1 : V396FAE
2022-03-28 14:28:26,152 INFO o.a.j.u.BeanShellTestElement: ***** PAGE_NUM : 2
2022-03-28 14:28:27,267 INFO o.a.j.u.BeanShellTestElement: === SETTING PATH-1 : VRNs MATCH NUMBER - user : ptuser164 : 130
2022-03-28 14:28:27,819 INFO o.a.j.u.BeanShellTestElement: === 04 Total journeys available on Page-1 for user ptuser166 : 130
2022-03-28 14:28:27,819 INFO o.a.j.u.BeanShellTestElement: ***** First VRN on Page-1:  NP_1 : V654FAN
2022-03-28 14:28:27,819 INFO o.a.j.u.BeanShellTestElement: ***** PAGE_NUM : 2
2022-03-28 14:28:28,825 INFO o.a.j.u.BeanShellTestElement: === SETTING PATH-1 : VRNs MATCH NUMBER - user : ptuser166 : 130
2022-03-28 14:28:29,825 INFO o.a.j.u.BeanShellTestElement: === 04 Total journeys available on Page-1 for user ptuser162 : 130
2022-03-28 14:28:29,825 INFO o.a.j.u.BeanShellTestElement: ***** First VRN on Page-1:  NP_1 : V158NAY
2022-03-28 14:28:29,825 INFO o.a.j.u.BeanShellTestElement: ***** PAGE_NUM : 2
2022-03-28 14:28:30,601 INFO o.a.j.u.BeanShellTestElement: ****** 07 Mandate ID :MD000JRTMA3RCF
2022-03-28 14:28:30,831 INFO o.a.j.u.BeanShellTestElement: === SETTING PATH-1 : VRNs MATCH NUMBER - user : ptuser162 : 130
2022-03-28 14:28:32,070 INFO o.a.j.u.BeanShellTestElement: ****** 08a DD PAYMENT CONFIRM DETAILS - user: ptuser161 - Payment ID  : NONE
2022-03-28 14:28:32,070 INFO o.a.j.u.BeanShellTestElement: ****** 08B DD PAYMENT CONFIRM DETAILS - user: ptuser161 - Payment Ref : NONE
2022-03-28 14:28:32,073 INFO o.a.j.u.BeanShellTestElement: 


2022-03-28 14:28:33,618 INFO o.a.j.u.BeanShellTestElement: ****** 07 Mandate ID :MD000JRTPCM1BJ
2022-03-28 14:28:33,632 INFO o.a.j.u.BeanShellTestElement: ****** 07 Mandate ID :MD000JRTR5FE49
2022-03-28 14:28:34,083 INFO o.a.j.u.BeanShellTestElement: ****** 07 Mandate ID :MD000JRTMA3RCF
2022-03-28 14:28:34,705 INFO o.a.j.u.BeanShellTestElement: ****** 07 Mandate ID :MD000JSR2G1PM9
2022-03-28 14:28:34,716 INFO o.a.j.u.BeanShellTestElement: ****** 07 Mandate ID :MD000JRWYJJ7WT
2022-03-28 14:28:35,042 INFO o.a.j.u.BeanShellTestElement: ****** 08a DD PAYMENT CONFIRM DETAILS - user: ptuser162 - Payment ID  : NONE
2022-03-28 14:28:35,042 INFO o.a.j.u.BeanShellTestElement: ****** 08B DD PAYMENT CONFIRM DETAILS - user: ptuser162 - Payment Ref : NONE
2022-03-28 14:28:35,042 INFO o.a.j.u.BeanShellTestElement: 


2022-03-28 14:28:35,097 INFO o.a.j.u.BeanShellTestElement: ****** 08a DD PAYMENT CONFIRM DETAILS - user: ptuser163 - Payment ID  : NONE
2022-03-28 14:28:35,097 INFO o.a.j.u.BeanShellTestElement: ****** 08B DD PAYMENT CONFIRM DETAILS - user: ptuser163 - Payment Ref : NONE
2022-03-28 14:28:35,097 INFO o.a.j.u.BeanShellTestElement: 


2022-03-28 14:28:35,503 INFO o.a.j.u.BeanShellTestElement: === 04 Total journeys available on Page-1 for user ptuser161 : 130
2022-03-28 14:28:35,503 INFO o.a.j.u.BeanShellTestElement: ***** First VRN on Page-1:  NP_1 : UXI8651
2022-03-28 14:28:35,503 INFO o.a.j.u.BeanShellTestElement: ***** PAGE_NUM : 2
2022-03-28 14:28:35,644 INFO o.a.j.u.BeanShellTestElement: ****** 08a DD PAYMENT CONFIRM DETAILS - user: ptuser161 - Payment ID  : NONE
2022-03-28 14:28:35,644 INFO o.a.j.u.BeanShellTestElement: ****** 08B DD PAYMENT CONFIRM DETAILS - user: ptuser161 - Payment Ref : NONE
2022-03-28 14:28:35,644 INFO o.a.j.u.BeanShellTestElement: 


2022-03-28 14:28:36,034 INFO o.a.j.u.BeanShellTestElement: ****** 08a DD PAYMENT CONFIRM DETAILS - user: ptuser165 - Payment ID  : NONE
2022-03-28 14:28:36,034 INFO o.a.j.u.BeanShellTestElement: ****** 08a DD PAYMENT CONFIRM DETAILS - user: ptuser167 - Payment ID  : NONE
2022-03-28 14:28:36,034 INFO o.a.j.u.BeanShellTestElement: ****** 08B DD PAYMENT CONFIRM DETAILS - user: ptuser167 - Payment Ref : NONE
2022-03-28 14:28:36,034 INFO o.a.j.u.BeanShellTestElement: ****** 08B DD PAYMENT CONFIRM DETAILS - user: ptuser165 - Payment Ref : NONE
2022-03-28 14:28:36,034 INFO o.a.j.u.BeanShellTestElement: 


2022-03-28 14:28:36,034 INFO o.a.j.u.BeanShellTestElement: 


2022-03-28 14:28:36,172 INFO o.a.j.u.BeanShellTestElement: ****** 07 Mandate ID :MD000JSR4HTNJC
2022-03-28 14:28:36,508 INFO o.a.j.u.BeanShellTestElement: === SETTING PATH-1 : VRNs MATCH NUMBER - user : ptuser161 : 130
2022-03-28 14:28:37,570 INFO o.a.j.u.BeanShellTestElement: ****** 08a DD PAYMENT CONFIRM DETAILS - user: ptuser168 - Payment ID  : NONE
2022-03-28 14:28:37,570 INFO o.a.j.u.BeanShellTestElement: ****** 08B DD PAYMENT CONFIRM DETAILS - user: ptuser168 - Payment Ref : NONE
2022-03-28 14:28:37,570 INFO o.a.j.u.BeanShellTestElement: 


2022-03-28 14:28:37,698 INFO o.a.j.u.BeanShellTestElement: ****** 07 Mandate ID :MD000JRTSQ7VH3
2022-03-28 14:28:38,350 INFO o.a.j.u.BeanShellTestElement: === 04 Total journeys available on Page-1 for user ptuser163 : 130
2022-03-28 14:28:38,350 INFO o.a.j.u.BeanShellTestElement: ***** First VRN on Page-1:  NP_1 : V274DSN
2022-03-28 14:28:38,350 INFO o.a.j.u.BeanShellTestElement: ***** PAGE_NUM : 2
2022-03-28 14:28:38,364 INFO o.a.j.u.BeanShellTestElement: === 04 Total journeys available on Page-1 for user ptuser162 : 130
2022-03-28 14:28:38,364 INFO o.a.j.u.BeanShellTestElement: ***** First VRN on Page-1:  NP_1 : V158NAY
2022-03-28 14:28:38,364 INFO o.a.j.u.BeanShellTestElement: ***** PAGE_NUM : 2
2022-03-28 14:28:38,745 INFO o.a.j.u.BeanShellTestElement: ****** 07 Mandate ID :MD000JSR1ANCGV
2022-03-28 14:28:38,851 INFO o.a.j.u.BeanShellTestElement: === 04 Total journeys available on Page-1 for user ptuser161 : 130
2022-03-28 14:28:38,851 INFO o.a.j.u.BeanShellTestElement: ***** First VRN on Page-1:  NP_1 : UXI8651
2022-03-28 14:28:38,851 INFO o.a.j.u.BeanShellTestElement: ***** PAGE_NUM : 2
2022-03-28 14:28:39,231 INFO o.a.j.u.BeanShellTestElement: ****** 08a DD PAYMENT CONFIRM DETAILS - user: ptuser164 - Payment ID  : NONE
2022-03-28 14:28:39,231 INFO o.a.j.u.BeanShellTestElement: ****** 08B DD PAYMENT CONFIRM DETAILS - user: ptuser164 - Payment Ref : NONE
2022-03-28 14:28:39,231 INFO o.a.j.u.BeanShellTestElement: 


2022-03-28 14:28:39,445 INFO o.a.j.u.BeanShellTestElement: === SETTING PATH-1 : VRNs MATCH NUMBER - user : ptuser163 : 130
2022-03-28 14:28:39,445 INFO o.a.j.u.BeanShellTestElement: === SETTING PATH-1 : VRNs MATCH NUMBER - user : ptuser162 : 130
2022-03-28 14:28:39,551 INFO o.a.j.u.BeanShellTestElement: === 04 Total journeys available on Page-1 for user ptuser165 : 130
2022-03-28 14:28:39,551 INFO o.a.j.u.BeanShellTestElement: ***** First VRN on Page-1:  NP_1 : V517ENJ
2022-03-28 14:28:39,551 INFO o.a.j.u.BeanShellTestElement: ***** PAGE_NUM : 2
2022-03-28 14:28:39,572 INFO o.a.j.u.BeanShellTestElement: === 04 Total journeys available on Page-1 for user ptuser167 : 130
2022-03-28 14:28:39,572 INFO o.a.j.u.BeanShellTestElement: ***** First VRN on Page-1:  NP_1 : V759KAS
2022-03-28 14:28:39,572 INFO o.a.j.u.BeanShellTestElement: ***** PAGE_NUM : 2
2022-03-28 14:28:39,948 INFO o.a.j.u.BeanShellTestElement: === SETTING PATH-1 : VRNs MATCH NUMBER - user : ptuser161 : 130
2022-03-28 14:28:40,093 INFO o.a.j.u.BeanShellTestElement: ****** 08a DD PAYMENT CONFIRM DETAILS - user: ptuser166 - Payment ID  : NONE
2022-03-28 14:28:40,094 INFO o.a.j.u.BeanShellTestElement: ****** 08B DD PAYMENT CONFIRM DETAILS - user: ptuser166 - Payment Ref : NONE
2022-03-28 14:28:40,094 INFO o.a.j.u.BeanShellTestElement: 


2022-03-28 14:28:40,623 INFO o.a.j.u.BeanShellTestElement: === SETTING PATH-1 : VRNs MATCH NUMBER - user : ptuser167 : 130
2022-03-28 14:28:40,627 INFO o.a.j.u.BeanShellTestElement: === SETTING PATH-1 : VRNs MATCH NUMBER - user : ptuser165 : 130
2022-03-28 14:28:40,947 INFO o.a.j.u.BeanShellTestElement: ****** 07 Mandate ID :MD000JRTPCM1BJ
2022-03-28 14:28:41,022 INFO o.a.j.u.BeanShellTestElement: === 04 Total journeys available on Page-1 for user ptuser168 : 130
2022-03-28 14:28:41,022 INFO o.a.j.u.BeanShellTestElement: ***** First VRN on Page-1:  NP_1 : V853GAG
2022-03-28 14:28:41,022 INFO o.a.j.u.BeanShellTestElement: ***** PAGE_NUM : 2
2022-03-28 14:28:42,033 INFO o.a.j.u.BeanShellTestElement: === SETTING PATH-1 : VRNs MATCH NUMBER - user : ptuser168 : 130
2022-03-28 14:28:42,084 INFO o.a.j.u.BeanShellTestElement: ****** 08a DD PAYMENT CONFIRM DETAILS - user: ptuser162 - Payment ID  : NONE
2022-03-28 14:28:42,085 INFO o.a.j.u.BeanShellTestElement: ****** 08B DD PAYMENT CONFIRM DETAILS - user: ptuser162 - Payment Ref : NONE
2022-03-28 14:28:42,085 INFO o.a.j.u.BeanShellTestElement: 


2022-03-28 14:28:42,284 INFO o.a.j.u.BeanShellTestElement: === 04 Total journeys available on Page-1 for user ptuser164 : 130
2022-03-28 14:28:42,284 INFO o.a.j.u.BeanShellTestElement: ***** First VRN on Page-1:  NP_1 : V396FAE
2022-03-28 14:28:42,284 INFO o.a.j.u.BeanShellTestElement: ***** PAGE_NUM : 2
2022-03-28 14:28:43,144 INFO o.a.j.u.BeanShellTestElement: === 04 Total journeys available on Page-1 for user ptuser166 : 130
2022-03-28 14:28:43,144 INFO o.a.j.u.BeanShellTestElement: ***** First VRN on Page-1:  NP_1 : V654FAN
2022-03-28 14:28:43,144 INFO o.a.j.u.BeanShellTestElement: ***** PAGE_NUM : 2
2022-03-28 14:28:43,569 INFO o.a.j.u.BeanShellTestElement: === SETTING PATH-1 : VRNs MATCH NUMBER - user : ptuser164 : 130
2022-03-28 14:28:44,602 INFO o.a.j.u.BeanShellTestElement: === SETTING PATH-1 : VRNs MATCH NUMBER - user : ptuser166 : 130
2022-03-28 14:28:45,469 INFO o.a.j.u.BeanShellTestElement: === 04 Total journeys available on Page-1 for user ptuser162 : 130
2022-03-28 14:28:45,470 INFO o.a.j.u.BeanShellTestElement: ***** First VRN on Page-1:  NP_1 : V158NAY
2022-03-28 14:28:45,470 INFO o.a.j.u.BeanShellTestElement: ***** PAGE_NUM : 2
2022-03-28 14:28:46,203 INFO o.a.j.u.BeanShellTestElement: ****** 07 Mandate ID :MD000JRTMA3RCF
2022-03-28 14:28:46,593 INFO o.a.j.u.BeanShellTestElement: === SETTING PATH-1 : VRNs MATCH NUMBER - user : ptuser162 : 130
2022-03-28 14:28:47,865 INFO o.a.j.u.BeanShellTestElement: ****** 08a DD PAYMENT CONFIRM DETAILS - user: ptuser161 - Payment ID  : NONE
2022-03-28 14:28:47,865 INFO o.a.j.u.BeanShellTestElement: ****** 08B DD PAYMENT CONFIRM DETAILS - user: ptuser161 - Payment Ref : NONE
2022-03-28 14:28:47,865 INFO o.a.j.u.BeanShellTestElement: 


2022-03-28 14:28:49,684 INFO o.a.j.u.BeanShellTestElement: ****** 07 Mandate ID :MD000JRTR5FE49
2022-03-28 14:28:49,918 INFO o.a.j.u.BeanShellTestElement: ****** 07 Mandate ID :MD000JRTMA3RCF
2022-03-28 14:28:49,928 INFO o.a.j.u.BeanShellTestElement: ****** 07 Mandate ID :MD000JRTPCM1BJ
2022-03-28 14:28:50,832 INFO o.a.j.u.BeanShellTestElement: ****** 08a DD PAYMENT CONFIRM DETAILS - user: ptuser163 - Payment ID  : NONE
2022-03-28 14:28:50,832 INFO o.a.j.u.BeanShellTestElement: ****** 08B DD PAYMENT CONFIRM DETAILS - user: ptuser163 - Payment Ref : NONE
2022-03-28 14:28:50,832 INFO o.a.j.u.BeanShellTestElement: 


2022-03-28 14:28:50,963 INFO o.a.j.u.BeanShellTestElement: ****** 07 Mandate ID :MD000JRWYJJ7WT
2022-03-28 14:28:50,980 INFO o.a.j.u.BeanShellTestElement: ****** 07 Mandate ID :MD000JSR2G1PM9
2022-03-28 14:28:51,104 INFO o.a.j.u.BeanShellTestElement: === 04 Total journeys available on Page-1 for user ptuser161 : 130
2022-03-28 14:28:51,104 INFO o.a.j.u.BeanShellTestElement: ***** First VRN on Page-1:  NP_1 : UXI8651
2022-03-28 14:28:51,105 INFO o.a.j.u.BeanShellTestElement: ***** PAGE_NUM : 2
2022-03-28 14:28:51,337 INFO o.a.j.u.BeanShellTestElement: ****** 08a DD PAYMENT CONFIRM DETAILS - user: ptuser161 - Payment ID  : NONE
2022-03-28 14:28:51,337 INFO o.a.j.u.BeanShellTestElement: ****** 08B DD PAYMENT CONFIRM DETAILS - user: ptuser161 - Payment Ref : NONE
2022-03-28 14:28:51,337 INFO o.a.j.u.BeanShellTestElement: 


2022-03-28 14:28:51,402 INFO o.a.j.u.BeanShellTestElement: ****** 08a DD PAYMENT CONFIRM DETAILS - user: ptuser162 - Payment ID  : NONE
2022-03-28 14:28:51,403 INFO o.a.j.u.BeanShellTestElement: ****** 08B DD PAYMENT CONFIRM DETAILS - user: ptuser162 - Payment Ref : NONE
2022-03-28 14:28:51,403 INFO o.a.j.u.BeanShellTestElement: 


2022-03-28 14:28:52,097 INFO o.a.j.u.BeanShellTestElement: ****** 08a DD PAYMENT CONFIRM DETAILS - user: ptuser165 - Payment ID  : NONE
2022-03-28 14:28:52,097 INFO o.a.j.u.BeanShellTestElement: ****** 08B DD PAYMENT CONFIRM DETAILS - user: ptuser165 - Payment Ref : NONE
2022-03-28 14:28:52,097 INFO o.a.j.u.BeanShellTestElement: 


2022-03-28 14:28:52,120 INFO o.a.j.u.BeanShellTestElement: ****** 08a DD PAYMENT CONFIRM DETAILS - user: ptuser167 - Payment ID  : NONE
2022-03-28 14:28:52,120 INFO o.a.j.u.BeanShellTestElement: ****** 08B DD PAYMENT CONFIRM DETAILS - user: ptuser167 - Payment Ref : NONE
2022-03-28 14:28:52,120 INFO o.a.j.u.BeanShellTestElement: 


2022-03-28 14:28:52,252 INFO o.a.j.u.BeanShellTestElement: ****** 07 Mandate ID :MD000JSR4HTNJC
2022-03-28 14:28:52,769 INFO o.a.j.u.BeanShellTestElement: === SETTING PATH-1 : VRNs MATCH NUMBER - user : ptuser161 : 130
2022-03-28 14:28:53,867 INFO o.a.j.u.BeanShellTestElement: ****** 08a DD PAYMENT CONFIRM DETAILS - user: ptuser168 - Payment ID  : NONE
2022-03-28 14:28:53,867 INFO o.a.j.u.BeanShellTestElement: ****** 08B DD PAYMENT CONFIRM DETAILS - user: ptuser168 - Payment Ref : NONE
2022-03-28 14:28:53,867 INFO o.a.j.u.BeanShellTestElement: 


2022-03-28 14:28:54,141 INFO o.a.j.u.BeanShellTestElement: === 04 Total journeys available on Page-1 for user ptuser163 : 130
2022-03-28 14:28:54,142 INFO o.a.j.u.BeanShellTestElement: ***** First VRN on Page-1:  NP_1 : V274DSN
2022-03-28 14:28:54,142 INFO o.a.j.u.BeanShellTestElement: ***** PAGE_NUM : 2
2022-03-28 14:28:54,312 INFO o.a.j.u.BeanShellTestElement: ****** 07 Mandate ID :MD000JRTSQ7VH3
2022-03-28 14:28:54,424 INFO o.a.j.u.BeanShellTestElement: === 04 Total journeys available on Page-1 for user ptuser161 : 130
2022-03-28 14:28:54,424 INFO o.a.j.u.BeanShellTestElement: ***** First VRN on Page-1:  NP_1 : UXI8651
2022-03-28 14:28:54,424 INFO o.a.j.u.BeanShellTestElement: ***** PAGE_NUM : 2
2022-03-28 14:28:54,465 INFO o.a.j.u.BeanShellTestElement: === 04 Total journeys available on Page-1 for user ptuser162 : 130
2022-03-28 14:28:54,465 INFO o.a.j.u.BeanShellTestElement: ***** First VRN on Page-1:  NP_1 : V158NAY
2022-03-28 14:28:54,465 INFO o.a.j.u.BeanShellTestElement: ***** PAGE_NUM : 2
2022-03-28 14:28:55,161 INFO o.a.j.u.BeanShellTestElement: ****** 07 Mandate ID :MD000JSR1ANCGV
2022-03-28 14:28:55,579 INFO o.a.j.u.BeanShellTestElement: === 04 Total journeys available on Page-1 for user ptuser167 : 130
2022-03-28 14:28:55,579 INFO o.a.j.u.BeanShellTestElement: ***** First VRN on Page-1:  NP_1 : V759KAS
2022-03-28 14:28:55,579 INFO o.a.j.u.BeanShellTestElement: ***** PAGE_NUM : 2
2022-03-28 14:28:55,730 INFO o.a.j.u.BeanShellTestElement: === 04 Total journeys available on Page-1 for user ptuser165 : 130
2022-03-28 14:28:55,730 INFO o.a.j.u.BeanShellTestElement: ***** First VRN on Page-1:  NP_1 : V517ENJ
2022-03-28 14:28:55,731 INFO o.a.j.u.BeanShellTestElement: ***** PAGE_NUM : 2
2022-03-28 14:28:55,738 INFO o.a.j.u.BeanShellTestElement: === SETTING PATH-1 : VRNs MATCH NUMBER - user : ptuser162 : 130
2022-03-28 14:28:55,740 INFO o.a.j.u.BeanShellTestElement: === SETTING PATH-1 : VRNs MATCH NUMBER - user : ptuser163 : 130
2022-03-28 14:28:55,742 INFO o.a.j.u.BeanShellTestElement: === SETTING PATH-1 : VRNs MATCH NUMBER - user : ptuser161 : 130
2022-03-28 14:28:56,012 INFO o.a.j.u.BeanShellTestElement: ****** 08a DD PAYMENT CONFIRM DETAILS - user: ptuser164 - Payment ID  : NONE
2022-03-28 14:28:56,012 INFO o.a.j.u.BeanShellTestElement: ****** 08B DD PAYMENT CONFIRM DETAILS - user: ptuser164 - Payment Ref : NONE
2022-03-28 14:28:56,012 INFO o.a.j.u.BeanShellTestElement: 


2022-03-28 14:28:56,843 INFO o.a.j.u.BeanShellTestElement: === SETTING PATH-1 : VRNs MATCH NUMBER - user : ptuser165 : 130
2022-03-28 14:28:56,846 INFO o.a.j.u.BeanShellTestElement: === SETTING PATH-1 : VRNs MATCH NUMBER - user : ptuser167 : 130
2022-03-28 14:28:57,113 INFO o.a.j.u.BeanShellTestElement: ****** 07 Mandate ID :MD000JRTPCM1BJ
2022-03-28 14:28:57,186 INFO o.a.j.u.BeanShellTestElement: ****** 08a DD PAYMENT CONFIRM DETAILS - user: ptuser166 - Payment ID  : NONE
2022-03-28 14:28:57,186 INFO o.a.j.u.BeanShellTestElement: ****** 08B DD PAYMENT CONFIRM DETAILS - user: ptuser166 - Payment Ref : NONE
2022-03-28 14:28:57,186 INFO o.a.j.u.BeanShellTestElement: 


2022-03-28 14:28:57,237 INFO o.a.j.u.BeanShellTestElement: === 04 Total journeys available on Page-1 for user ptuser168 : 130
2022-03-28 14:28:57,237 INFO o.a.j.u.BeanShellTestElement: ***** First VRN on Page-1:  NP_1 : V853GAG
2022-03-28 14:28:57,237 INFO o.a.j.u.BeanShellTestElement: ***** PAGE_NUM : 2
2022-03-28 14:28:58,314 INFO o.a.j.u.BeanShellTestElement: ****** 08a DD PAYMENT CONFIRM DETAILS - user: ptuser162 - Payment ID  : NONE
2022-03-28 14:28:58,314 INFO o.a.j.u.BeanShellTestElement: ****** 08B DD PAYMENT CONFIRM DETAILS - user: ptuser162 - Payment Ref : NONE
2022-03-28 14:28:58,314 INFO o.a.j.u.BeanShellTestElement: 


2022-03-28 14:28:58,976 INFO o.a.j.u.BeanShellTestElement: === SETTING PATH-1 : VRNs MATCH NUMBER - user : ptuser168 : 130
2022-03-28 14:28:59,369 INFO o.a.j.u.BeanShellTestElement: === 04 Total journeys available on Page-1 for user ptuser164 : 130
2022-03-28 14:28:59,369 INFO o.a.j.u.BeanShellTestElement: ***** First VRN on Page-1:  NP_1 : V396FAE
2022-03-28 14:28:59,369 INFO o.a.j.u.BeanShellTestElement: ***** PAGE_NUM : 2
2022-03-28 14:29:00,954 INFO o.a.j.u.BeanShellTestElement: === SETTING PATH-1 : VRNs MATCH NUMBER - user : ptuser164 : 130
2022-03-28 14:29:01,321 INFO o.a.j.u.BeanShellTestElement: === 04 Total journeys available on Page-1 for user ptuser166 : 130
2022-03-28 14:29:01,321 INFO o.a.j.u.BeanShellTestElement: ***** First VRN on Page-1:  NP_1 : V654FAN
2022-03-28 14:29:01,321 INFO o.a.j.u.BeanShellTestElement: ***** PAGE_NUM : 2
2022-03-28 14:29:02,409 INFO o.a.j.u.BeanShellTestElement: === 04 Total journeys available on Page-1 for user ptuser162 : 130
2022-03-28 14:29:02,409 INFO o.a.j.u.BeanShellTestElement: ***** First VRN on Page-1:  NP_1 : V158NAY
2022-03-28 14:29:02,409 INFO o.a.j.u.BeanShellTestElement: ***** PAGE_NUM : 2
2022-03-28 14:29:02,969 INFO o.a.j.u.BeanShellTestElement: === SETTING PATH-1 : VRNs MATCH NUMBER - user : ptuser166 : 130
2022-03-28 14:29:04,043 INFO o.a.j.u.BeanShellTestElement: === SETTING PATH-1 : VRNs MATCH NUMBER - user : ptuser162 : 130
2022-03-28 14:29:05,585 INFO o.a.j.u.BeanShellTestElement: ****** 07 Mandate ID :MD000JRTMA3RCF
2022-03-28 14:29:06,857 INFO o.a.j.u.BeanShellTestElement: ****** 08a DD PAYMENT CONFIRM DETAILS - user: ptuser161 - Payment ID  : NONE
2022-03-28 14:29:06,857 INFO o.a.j.u.BeanShellTestElement: ****** 08B DD PAYMENT CONFIRM DETAILS - user: ptuser161 - Payment Ref : NONE
2022-03-28 14:29:06,857 INFO o.a.j.u.BeanShellTestElement: 


2022-03-28 14:29:06,996 INFO o.a.j.u.BeanShellTestElement: ****** 07 Mandate ID :MD000JRTPCM1BJ
2022-03-28 14:29:08,274 INFO o.a.j.u.BeanShellTestElement: ****** 08a DD PAYMENT CONFIRM DETAILS - user: ptuser162 - Payment ID  : NONE
2022-03-28 14:29:08,274 INFO o.a.j.u.BeanShellTestElement: ****** 08B DD PAYMENT CONFIRM DETAILS - user: ptuser162 - Payment Ref : NONE
2022-03-28 14:29:08,274 INFO o.a.j.u.BeanShellTestElement: 


2022-03-28 14:29:08,383 INFO o.a.j.u.BeanShellTestElement: ****** 07 Mandate ID :MD000JRWYJJ7WT
2022-03-28 14:29:08,407 INFO o.a.j.u.BeanShellTestElement: ****** 07 Mandate ID :MD000JRTR5FE49
2022-03-28 14:29:08,424 INFO o.a.j.u.BeanShellTestElement: ****** 07 Mandate ID :MD000JSR2G1PM9
2022-03-28 14:29:08,430 INFO o.a.j.u.BeanShellTestElement: ****** 07 Mandate ID :MD000JRTMA3RCF
2022-03-28 14:29:09,807 INFO o.a.j.u.BeanShellTestElement: ****** 08a DD PAYMENT CONFIRM DETAILS - user: ptuser167 - Payment ID  : NONE
2022-03-28 14:29:09,807 INFO o.a.j.u.BeanShellTestElement: ****** 08B DD PAYMENT CONFIRM DETAILS - user: ptuser167 - Payment Ref : NONE
2022-03-28 14:29:09,807 INFO o.a.j.u.BeanShellTestElement: 


2022-03-28 14:29:09,813 INFO o.a.j.u.BeanShellTestElement: ****** 08a DD PAYMENT CONFIRM DETAILS - user: ptuser165 - Payment ID  : NONE
2022-03-28 14:29:09,813 INFO o.a.j.u.BeanShellTestElement: ****** 08B DD PAYMENT CONFIRM DETAILS - user: ptuser165 - Payment Ref : NONE
2022-03-28 14:29:09,813 INFO o.a.j.u.BeanShellTestElement: 


2022-03-28 14:29:09,823 INFO o.a.j.u.BeanShellTestElement: ****** 08a DD PAYMENT CONFIRM DETAILS - user: ptuser163 - Payment ID  : NONE
2022-03-28 14:29:09,823 INFO o.a.j.u.BeanShellTestElement: ****** 08B DD PAYMENT CONFIRM DETAILS - user: ptuser163 - Payment Ref : NONE
2022-03-28 14:29:09,823 INFO o.a.j.u.BeanShellTestElement: 


2022-03-28 14:29:09,837 INFO o.a.j.u.BeanShellTestElement: ****** 08a DD PAYMENT CONFIRM DETAILS - user: ptuser161 - Payment ID  : NONE
2022-03-28 14:29:09,837 INFO o.a.j.u.BeanShellTestElement: ****** 08B DD PAYMENT CONFIRM DETAILS - user: ptuser161 - Payment Ref : NONE
2022-03-28 14:29:09,837 INFO o.a.j.u.BeanShellTestElement: 


2022-03-28 14:29:09,933 INFO o.a.j.u.BeanShellTestElement: ****** 07 Mandate ID :MD000JSR4HTNJC
2022-03-28 14:29:10,105 INFO o.a.j.u.BeanShellTestElement: === 04 Total journeys available on Page-1 for user ptuser161 : 130
2022-03-28 14:29:10,105 INFO o.a.j.u.BeanShellTestElement: ***** First VRN on Page-1:  NP_1 : UXI8651
2022-03-28 14:29:10,105 INFO o.a.j.u.BeanShellTestElement: ***** PAGE_NUM : 2
2022-03-28 14:29:11,218 INFO o.a.j.u.BeanShellTestElement: === SETTING PATH-1 : VRNs MATCH NUMBER - user : ptuser161 : 130
2022-03-28 14:29:11,344 INFO o.a.j.u.BeanShellTestElement: ****** 08a DD PAYMENT CONFIRM DETAILS - user: ptuser168 - Payment ID  : NONE
2022-03-28 14:29:11,344 INFO o.a.j.u.BeanShellTestElement: ****** 08B DD PAYMENT CONFIRM DETAILS - user: ptuser168 - Payment Ref : NONE
2022-03-28 14:29:11,344 INFO o.a.j.u.BeanShellTestElement: 


2022-03-28 14:29:11,501 INFO o.a.j.u.BeanShellTestElement: ****** 07 Mandate ID :MD000JRTSQ7VH3
2022-03-28 14:29:11,650 INFO o.a.j.u.BeanShellTestElement: === 04 Total journeys available on Page-1 for user ptuser162 : 130
2022-03-28 14:29:11,651 INFO o.a.j.u.BeanShellTestElement: ***** First VRN on Page-1:  NP_1 : V158NAY
2022-03-28 14:29:11,651 INFO o.a.j.u.BeanShellTestElement: ***** PAGE_NUM : 2
2022-03-28 14:29:12,908 INFO o.a.j.u.BeanShellTestElement: === SETTING PATH-1 : VRNs MATCH NUMBER - user : ptuser162 : 130
2022-03-28 14:29:13,040 INFO o.a.j.u.BeanShellTestElement: ****** 08a DD PAYMENT CONFIRM DETAILS - user: ptuser164 - Payment ID  : NONE
2022-03-28 14:29:13,040 INFO o.a.j.u.BeanShellTestElement: ****** 08B DD PAYMENT CONFIRM DETAILS - user: ptuser164 - Payment Ref : NONE
2022-03-28 14:29:13,040 INFO o.a.j.u.BeanShellTestElement: 


2022-03-28 14:29:13,194 INFO o.a.j.u.BeanShellTestElement: ****** 07 Mandate ID :MD000JSR1ANCGV
2022-03-28 14:29:13,275 INFO o.a.j.u.BeanShellTestElement: === 04 Total journeys available on Page-1 for user ptuser163 : 130
2022-03-28 14:29:13,275 INFO o.a.j.u.BeanShellTestElement: === 04 Total journeys available on Page-1 for user ptuser165 : 130
2022-03-28 14:29:13,275 INFO o.a.j.u.BeanShellTestElement: ***** First VRN on Page-1:  NP_1 : V274DSN
2022-03-28 14:29:13,275 INFO o.a.j.u.BeanShellTestElement: ***** First VRN on Page-1:  NP_1 : V517ENJ
2022-03-28 14:29:13,275 INFO o.a.j.u.BeanShellTestElement: ***** PAGE_NUM : 2
2022-03-28 14:29:13,275 INFO o.a.j.u.BeanShellTestElement: ***** PAGE_NUM : 2
2022-03-28 14:29:13,300 INFO o.a.j.u.BeanShellTestElement: === 04 Total journeys available on Page-1 for user ptuser167 : 130
2022-03-28 14:29:13,300 INFO o.a.j.u.BeanShellTestElement: ***** First VRN on Page-1:  NP_1 : V759KAS
2022-03-28 14:29:13,300 INFO o.a.j.u.BeanShellTestElement: ***** PAGE_NUM : 2
2022-03-28 14:29:13,742 INFO o.a.j.u.BeanShellTestElement: === 04 Total journeys available on Page-1 for user ptuser161 : 130
2022-03-28 14:29:13,742 INFO o.a.j.u.BeanShellTestElement: ***** First VRN on Page-1:  NP_1 : UXI8651
2022-03-28 14:29:13,742 INFO o.a.j.u.BeanShellTestElement: ***** PAGE_NUM : 2
2022-03-28 14:29:14,450 INFO o.a.j.u.BeanShellTestElement: === SETTING PATH-1 : VRNs MATCH NUMBER - user : ptuser165 : 130
2022-03-28 14:29:14,451 INFO o.a.j.u.BeanShellTestElement: === SETTING PATH-1 : VRNs MATCH NUMBER - user : ptuser167 : 130
2022-03-28 14:29:14,460 INFO o.a.j.u.BeanShellTestElement: === SETTING PATH-1 : VRNs MATCH NUMBER - user : ptuser163 : 130
2022-03-28 14:29:14,594 INFO o.a.j.u.BeanShellTestElement: ****** 08a DD PAYMENT CONFIRM DETAILS - user: ptuser166 - Payment ID  : NONE
2022-03-28 14:29:14,594 INFO o.a.j.u.BeanShellTestElement: ****** 08B DD PAYMENT CONFIRM DETAILS - user: ptuser166 - Payment Ref : NONE
2022-03-28 14:29:14,594 INFO o.a.j.u.BeanShellTestElement: 


2022-03-28 14:29:14,714 INFO o.a.j.u.BeanShellTestElement: ****** 07 Mandate ID :MD000JRTPCM1BJ
2022-03-28 14:29:14,870 INFO o.a.j.u.BeanShellTestElement: === 04 Total journeys available on Page-1 for user ptuser168 : 130
2022-03-28 14:29:14,871 INFO o.a.j.u.BeanShellTestElement: ***** First VRN on Page-1:  NP_1 : V853GAG
2022-03-28 14:29:14,871 INFO o.a.j.u.BeanShellTestElement: ***** PAGE_NUM : 2
2022-03-28 14:29:16,117 INFO o.a.j.u.BeanShellTestElement: === SETTING PATH-1 : VRNs MATCH NUMBER - user : ptuser168 : 130
2022-03-28 14:29:16,123 INFO o.a.j.u.BeanShellTestElement: === SETTING PATH-1 : VRNs MATCH NUMBER - user : ptuser161 : 130
2022-03-28 14:29:16,256 INFO o.a.j.u.BeanShellTestElement: ****** 08a DD PAYMENT CONFIRM DETAILS - user: ptuser162 - Payment ID  : NONE
2022-03-28 14:29:16,256 INFO o.a.j.u.BeanShellTestElement: ****** 08B DD PAYMENT CONFIRM DETAILS - user: ptuser162 - Payment Ref : NONE
2022-03-28 14:29:16,256 INFO o.a.j.u.BeanShellTestElement: 


2022-03-28 14:29:16,515 INFO o.a.j.u.BeanShellTestElement: === 04 Total journeys available on Page-1 for user ptuser164 : 130
2022-03-28 14:29:16,515 INFO o.a.j.u.BeanShellTestElement: ***** First VRN on Page-1:  NP_1 : V396FAE
2022-03-28 14:29:16,515 INFO o.a.j.u.BeanShellTestElement: ***** PAGE_NUM : 2
2022-03-28 14:29:18,073 INFO o.a.j.u.BeanShellTestElement: === SETTING PATH-1 : VRNs MATCH NUMBER - user : ptuser164 : 130
2022-03-28 14:29:18,479 INFO o.a.j.u.BeanShellTestElement: === 04 Total journeys available on Page-1 for user ptuser166 : 130
2022-03-28 14:29:18,479 INFO o.a.j.u.BeanShellTestElement: ***** First VRN on Page-1:  NP_1 : V654FAN
2022-03-28 14:29:18,479 INFO o.a.j.u.BeanShellTestElement: ***** PAGE_NUM : 2
2022-03-28 14:29:19,531 INFO o.a.j.u.BeanShellTestElement: === SETTING PATH-1 : VRNs MATCH NUMBER - user : ptuser166 : 130
2022-03-28 14:29:19,907 INFO o.a.j.u.BeanShellTestElement: === 04 Total journeys available on Page-1 for user ptuser162 : 130
2022-03-28 14:29:19,908 INFO o.a.j.u.BeanShellTestElement: ***** First VRN on Page-1:  NP_1 : V158NAY
2022-03-28 14:29:19,908 INFO o.a.j.u.BeanShellTestElement: ***** PAGE_NUM : 2
2022-03-28 14:29:20,914 INFO o.a.j.u.BeanShellTestElement: === SETTING PATH-1 : VRNs MATCH NUMBER - user : ptuser162 : 130
2022-03-28 14:29:22,809 INFO o.a.j.u.BeanShellTestElement: ****** 07 Mandate ID :MD000JRTMA3RCF
2022-03-28 14:29:24,215 INFO o.a.j.u.BeanShellTestElement: ****** 08a DD PAYMENT CONFIRM DETAILS - user: ptuser161 - Payment ID  : NONE
2022-03-28 14:29:24,215 INFO o.a.j.u.BeanShellTestElement: ****** 08B DD PAYMENT CONFIRM DETAILS - user: ptuser161 - Payment Ref : NONE
2022-03-28 14:29:24,215 INFO o.a.j.u.BeanShellTestElement: 


2022-03-28 14:29:24,556 INFO o.a.j.t.JMeterThread: Thread is done: Payment 1-1
2022-03-28 14:29:24,559 INFO o.a.j.t.JMeterThread: Thread finished: Payment 1-1
2022-03-28 14:29:25,807 INFO o.a.j.u.BeanShellTestElement: ****** 07 Mandate ID :MD000JSR2G1PM9
2022-03-28 14:29:25,831 INFO o.a.j.u.BeanShellTestElement: ****** 07 Mandate ID :MD000JRTPCM1BJ
2022-03-28 14:29:25,844 INFO o.a.j.u.BeanShellTestElement: ****** 07 Mandate ID :MD000JRTR5FE49
2022-03-28 14:29:25,885 INFO o.a.j.u.BeanShellTestElement: ****** 07 Mandate ID :MD000JRWYJJ7WT
2022-03-28 14:29:27,225 INFO o.a.j.u.BeanShellTestElement: ****** 08a DD PAYMENT CONFIRM DETAILS - user: ptuser163 - Payment ID  : NONE
2022-03-28 14:29:27,225 INFO o.a.j.u.BeanShellTestElement: ****** 08B DD PAYMENT CONFIRM DETAILS - user: ptuser163 - Payment Ref : NONE
2022-03-28 14:29:27,225 INFO o.a.j.u.BeanShellTestElement: 


2022-03-28 14:29:27,229 INFO o.a.j.u.BeanShellTestElement: ****** 08a DD PAYMENT CONFIRM DETAILS - user: ptuser165 - Payment ID  : NONE
2022-03-28 14:29:27,229 INFO o.a.j.u.BeanShellTestElement: ****** 08B DD PAYMENT CONFIRM DETAILS - user: ptuser165 - Payment Ref : NONE
2022-03-28 14:29:27,229 INFO o.a.j.u.BeanShellTestElement: 


2022-03-28 14:29:27,234 INFO o.a.j.u.BeanShellTestElement: ****** 08a DD PAYMENT CONFIRM DETAILS - user: ptuser162 - Payment ID  : NONE
2022-03-28 14:29:27,234 INFO o.a.j.u.BeanShellTestElement: ****** 08a DD PAYMENT CONFIRM DETAILS - user: ptuser167 - Payment ID  : NONE
2022-03-28 14:29:27,234 INFO o.a.j.u.BeanShellTestElement: ****** 08B DD PAYMENT CONFIRM DETAILS - user: ptuser162 - Payment Ref : NONE
2022-03-28 14:29:27,234 INFO o.a.j.u.BeanShellTestElement: 


2022-03-28 14:29:27,234 INFO o.a.j.u.BeanShellTestElement: ****** 08B DD PAYMENT CONFIRM DETAILS - user: ptuser167 - Payment Ref : NONE
2022-03-28 14:29:27,234 INFO o.a.j.u.BeanShellTestElement: 


2022-03-28 14:29:27,373 INFO o.a.j.u.BeanShellTestElement: ****** 07 Mandate ID :MD000JRTMA3RCF
2022-03-28 14:29:27,966 INFO o.a.j.t.JMeterThread: Thread is done: Payment 1-7
2022-03-28 14:29:27,966 INFO o.a.j.t.JMeterThread: Thread finished: Payment 1-7
2022-03-28 14:29:27,977 INFO o.a.j.t.JMeterThread: Thread is done: Payment 1-5
2022-03-28 14:29:27,977 INFO o.a.j.t.JMeterThread: Thread finished: Payment 1-5
2022-03-28 14:29:27,978 INFO o.a.j.t.JMeterThread: Thread is done: Payment 1-3
2022-03-28 14:29:27,978 INFO o.a.j.t.JMeterThread: Thread finished: Payment 1-3
2022-03-28 14:29:27,984 INFO o.a.j.t.JMeterThread: Thread is done: Payment 1-2
2022-03-28 14:29:27,984 INFO o.a.j.t.JMeterThread: Thread finished: Payment 1-2
2022-03-28 14:29:29,098 INFO o.a.j.u.BeanShellTestElement: ****** 08a DD PAYMENT CONFIRM DETAILS - user: ptuser161 - Payment ID  : NONE
2022-03-28 14:29:29,098 INFO o.a.j.u.BeanShellTestElement: ****** 08B DD PAYMENT CONFIRM DETAILS - user: ptuser161 - Payment Ref : NONE
2022-03-28 14:29:29,098 INFO o.a.j.u.BeanShellTestElement: 


2022-03-28 14:29:29,231 INFO o.a.j.u.BeanShellTestElement: ****** 07 Mandate ID :MD000JRTSQ7VH3
2022-03-28 14:29:29,274 INFO o.a.j.u.BeanShellTestElement: ****** 07 Mandate ID :MD000JSR4HTNJC
2022-03-28 14:29:29,550 INFO o.a.j.t.JMeterThread: Thread is done: Payment 1-9
2022-03-28 14:29:29,550 INFO o.a.j.t.JMeterThread: Thread finished: Payment 1-9
2022-03-28 14:29:30,685 INFO o.a.j.u.BeanShellTestElement: ****** 08a DD PAYMENT CONFIRM DETAILS - user: ptuser164 - Payment ID  : NONE
2022-03-28 14:29:30,685 INFO o.a.j.u.BeanShellTestElement: ****** 08B DD PAYMENT CONFIRM DETAILS - user: ptuser164 - Payment Ref : NONE
2022-03-28 14:29:30,685 INFO o.a.j.u.BeanShellTestElement: 


2022-03-28 14:29:30,713 INFO o.a.j.u.BeanShellTestElement: ****** 08a DD PAYMENT CONFIRM DETAILS - user: ptuser168 - Payment ID  : NONE
2022-03-28 14:29:30,714 INFO o.a.j.u.BeanShellTestElement: ****** 08B DD PAYMENT CONFIRM DETAILS - user: ptuser168 - Payment Ref : NONE
2022-03-28 14:29:30,714 INFO o.a.j.u.BeanShellTestElement: 


2022-03-28 14:29:30,840 INFO o.a.j.u.BeanShellTestElement: ****** 07 Mandate ID :MD000JSR1ANCGV
2022-03-28 14:29:31,223 INFO o.a.j.t.JMeterThread: Thread is done: Payment 1-8
2022-03-28 14:29:31,224 INFO o.a.j.t.JMeterThread: Thread finished: Payment 1-8
2022-03-28 14:29:32,352 INFO o.a.j.u.BeanShellTestElement: ****** 08a DD PAYMENT CONFIRM DETAILS - user: ptuser166 - Payment ID  : NONE
2022-03-28 14:29:32,352 INFO o.a.j.u.BeanShellTestElement: ****** 08B DD PAYMENT CONFIRM DETAILS - user: ptuser166 - Payment Ref : NONE
2022-03-28 14:29:32,352 INFO o.a.j.u.BeanShellTestElement: 


2022-03-28 14:29:32,466 INFO o.a.j.u.BeanShellTestElement: ****** 07 Mandate ID :MD000JRTPCM1BJ
2022-03-28 14:29:34,181 INFO o.a.j.u.BeanShellTestElement: ****** 08a DD PAYMENT CONFIRM DETAILS - user: ptuser162 - Payment ID  : NONE
2022-03-28 14:29:34,181 INFO o.a.j.u.BeanShellTestElement: ****** 08B DD PAYMENT CONFIRM DETAILS - user: ptuser162 - Payment Ref : NONE
2022-03-28 14:29:34,181 INFO o.a.j.u.BeanShellTestElement: 


2022-03-28 14:29:34,487 INFO o.a.j.u.BeanShellTestElement: === 04 Total journeys available on Page-1 for user ptuser164 : 130
2022-03-28 14:29:34,487 INFO o.a.j.u.BeanShellTestElement: ***** First VRN on Page-1:  NP_1 : V396FAE
2022-03-28 14:29:34,487 INFO o.a.j.u.BeanShellTestElement: ***** PAGE_NUM : 2
2022-03-28 14:29:35,598 INFO o.a.j.u.BeanShellTestElement: === SETTING PATH-1 : VRNs MATCH NUMBER - user : ptuser164 : 130
2022-03-28 14:29:36,099 INFO o.a.j.u.BeanShellTestElement: === 04 Total journeys available on Page-1 for user ptuser166 : 130
2022-03-28 14:29:36,099 INFO o.a.j.u.BeanShellTestElement: ***** First VRN on Page-1:  NP_1 : V654FAN
2022-03-28 14:29:36,099 INFO o.a.j.u.BeanShellTestElement: ***** PAGE_NUM : 2
2022-03-28 14:29:37,779 INFO o.a.j.u.BeanShellTestElement: === SETTING PATH-1 : VRNs MATCH NUMBER - user : ptuser166 : 130
2022-03-28 14:29:38,197 INFO o.a.j.u.BeanShellTestElement: === 04 Total journeys available on Page-1 for user ptuser162 : 130
2022-03-28 14:29:38,197 INFO o.a.j.u.BeanShellTestElement: ***** First VRN on Page-1:  NP_1 : V158NAY
2022-03-28 14:29:38,197 INFO o.a.j.u.BeanShellTestElement: ***** PAGE_NUM : 2
2022-03-28 14:29:39,612 INFO o.a.j.u.BeanShellTestElement: === SETTING PATH-1 : VRNs MATCH NUMBER - user : ptuser162 : 130
2022-03-28 14:29:49,436 INFO o.a.j.u.BeanShellTestElement: ****** 07 Mandate ID :MD000JRTSQ7VH3
2022-03-28 14:29:51,306 INFO o.a.j.u.BeanShellTestElement: ****** 08a DD PAYMENT CONFIRM DETAILS - user: ptuser164 - Payment ID  : NONE
2022-03-28 14:29:51,306 INFO o.a.j.u.BeanShellTestElement: ****** 08B DD PAYMENT CONFIRM DETAILS - user: ptuser164 - Payment Ref : NONE
2022-03-28 14:29:51,306 INFO o.a.j.u.BeanShellTestElement: 


2022-03-28 14:29:51,433 INFO o.a.j.u.BeanShellTestElement: ****** 07 Mandate ID :MD000JSR1ANCGV
2022-03-28 14:29:52,203 INFO o.a.j.t.JMeterThread: Thread is done: Payment 1-4
2022-03-28 14:29:52,204 INFO o.a.j.t.JMeterThread: Thread finished: Payment 1-4
2022-03-28 14:29:53,367 INFO o.a.j.u.BeanShellTestElement: ****** 08a DD PAYMENT CONFIRM DETAILS - user: ptuser166 - Payment ID  : NONE
2022-03-28 14:29:53,367 INFO o.a.j.u.BeanShellTestElement: ****** 08B DD PAYMENT CONFIRM DETAILS - user: ptuser166 - Payment Ref : NONE
2022-03-28 14:29:53,367 INFO o.a.j.u.BeanShellTestElement: 


2022-03-28 14:29:53,519 INFO o.a.j.u.BeanShellTestElement: ****** 07 Mandate ID :MD000JRTPCM1BJ
2022-03-28 14:29:54,153 INFO o.a.j.t.JMeterThread: Thread is done: Payment 1-6
2022-03-28 14:29:54,153 INFO o.a.j.t.JMeterThread: Thread finished: Payment 1-6
2022-03-28 14:29:55,400 INFO o.a.j.u.BeanShellTestElement: ****** 08a DD PAYMENT CONFIRM DETAILS - user: ptuser162 - Payment ID  : NONE
2022-03-28 14:29:55,400 INFO o.a.j.u.BeanShellTestElement: ****** 08B DD PAYMENT CONFIRM DETAILS - user: ptuser162 - Payment Ref : NONE
2022-03-28 14:29:55,400 INFO o.a.j.u.BeanShellTestElement: 


2022-03-28 14:29:56,258 INFO o.a.j.t.JMeterThread: Thread is done: Payment 1-10
2022-03-28 14:29:56,263 INFO o.a.j.t.JMeterThread: Thread finished: Payment 1-10
2022-03-28 14:29:56,263 INFO o.a.j.e.StandardJMeterEngine: Starting tearDown thread groups
2022-03-28 14:29:56,263 INFO o.a.j.e.StandardJMeterEngine: Starting tearDown ThreadGroup: 1 : tearDown Thread Group
2022-03-28 14:29:56,263 INFO o.a.j.e.StandardJMeterEngine: Starting 1 threads for group tearDown Thread Group.
2022-03-28 14:29:56,263 INFO o.a.j.e.StandardJMeterEngine: Thread will continue on error
2022-03-28 14:29:56,263 INFO o.a.j.t.ThreadGroup: Starting thread group... number=1 threads=1 ramp-up=1 delayedStart=false
2022-03-28 14:29:56,264 INFO o.a.j.t.ThreadGroup: Started thread group number 1
2022-03-28 14:29:56,265 INFO o.a.j.t.JMeterThread: Thread started: tearDown Thread Group 1-1
2022-03-28 14:29:56,435 INFO o.a.j.t.JMeterThread: Thread is done: tearDown Thread Group 1-1
2022-03-28 14:29:56,435 INFO o.a.j.t.JMeterThread: Thread finished: tearDown Thread Group 1-1
2022-03-28 14:29:56,436 INFO o.a.j.e.StandardJMeterEngine: Notifying test listeners of end of test
2022-03-28 14:29:56,436 INFO o.a.j.s.FileServer: Close: Fleet-Users-DD-Sie.csv
2022-03-28 14:29:56,436 INFO o.a.j.g.u.JMeterMenuBar: setRunning(false, *local*)
2022-03-28 15:14:58,807 INFO o.a.j.v.ViewResultsFullVisualizer: Add JavaFX to your Java installation if you want to use renderer: org.apache.jmeter.visualizers.RenderInBrowser
2022-03-28 15:14:58,826 INFO o.a.j.g.a.Load: Loading file: /home/vagrant/Downloads/VCCS-TfGM.jmx
2022-03-28 15:14:58,826 INFO o.a.j.s.FileServer: Set new base='/home/vagrant/Downloads'
2022-03-28 15:14:58,826 INFO o.a.j.s.SaveService: Loading file: /home/vagrant/Downloads/VCCS-TfGM.jmx
2022-03-28 15:14:58,826 WARN o.a.j.g.a.Load: Error reading file. java.io.FileNotFoundException: /home/vagrant/Downloads/VCCS-TfGM.jmx (No such file or directory)
